{"/home/travis/build/npmtest/node-npmtest-jquery.maskedinput/test.js":{"path":"/home/travis/build/npmtest/node-npmtest-jquery.maskedinput/test.js","s":{"1":2,"2":2,"3":2,"4":2,"5":2,"6":2,"7":2,"8":1,"9":2,"10":2,"11":1,"12":1,"13":1,"14":1,"15":2,"16":2,"17":2,"18":2,"19":1,"20":1,"21":2,"22":2,"23":2,"24":1,"25":1,"26":1,"27":1,"28":1,"29":1,"30":1,"31":1,"32":1,"33":1,"34":1,"35":1,"36":1,"37":1,"38":1,"39":2,"40":2,"41":1,"42":2,"43":2,"44":1,"45":2,"46":2,"47":1,"48":2,"49":2,"50":1,"51":1,"52":1,"53":1,"54":1},"b":{"1":[2,1,1,1],"2":[1,1,1,1],"3":[1,1],"4":[1,1],"5":[1,1],"6":[1,1],"7":[1,1],"8":[1,1],"9":[1,1],"10":[1,1,1],"11":[1,1],"12":[1,1],"13":[1,1],"14":[1,1],"15":[1,1],"16":[1,1],"17":[1,1]},"f":{"1":2,"2":2,"3":2,"4":2,"5":2,"6":1,"7":1,"8":1,"9":2,"10":2,"11":2,"12":2,"13":1},"fnMap":{"1":{"name":"(anonymous_1)","line":12,"loc":{"start":{"line":12,"column":1},"end":{"line":12,"column":13}}},"2":{"name":"(anonymous_2)","line":19,"loc":{"start":{"line":19,"column":5},"end":{"line":19,"column":17}}},"3":{"name":"(anonymous_3)","line":23,"loc":{"start":{"line":23,"column":24},"end":{"line":23,"column":36}}},"4":{"name":"(anonymous_4)","line":61,"loc":{"start":{"line":61,"column":5},"end":{"line":61,"column":17}}},"5":{"name":"(anonymous_5)","line":82,"loc":{"start":{"line":82,"column":5},"end":{"line":82,"column":17}}},"6":{"name":"(anonymous_6)","line":91,"loc":{"start":{"line":91,"column":77},"end":{"line":94,"column":10}}},"7":{"name":"(anonymous_7)","line":112,"loc":{"start":{"line":112,"column":83},"end":{"line":115,"column":10}},"skip":true},"8":{"name":"(anonymous_8)","line":123,"loc":{"start":{"line":123,"column":77},"end":{"line":126,"column":10}},"skip":true},"9":{"name":"(anonymous_9)","line":139,"loc":{"start":{"line":139,"column":12},"end":{"line":139,"column":40}},"skip":true},"10":{"name":"(anonymous_10)","line":147,"loc":{"start":{"line":147,"column":77},"end":{"line":150,"column":10}},"skip":true},"11":{"name":"(anonymous_11)","line":158,"loc":{"start":{"line":158,"column":83},"end":{"line":161,"column":10}},"skip":true},"12":{"name":"(anonymous_12)","line":169,"loc":{"start":{"line":169,"column":79},"end":{"line":172,"column":10}},"skip":true},"13":{"name":"(anonymous_13)","line":180,"loc":{"start":{"line":180,"column":75},"end":{"line":183,"column":10}},"skip":true}},"statementMap":{"1":{"start":{"line":12,"column":0},"end":{"line":195,"column":5}},"2":{"start":{"line":14,"column":4},"end":{"line":14,"column":14}},"3":{"start":{"line":19,"column":4},"end":{"line":56,"column":9}},"4":{"start":{"line":21,"column":8},"end":{"line":21,"column":19}},"5":{"start":{"line":23,"column":8},"end":{"line":35,"column":13}},"6":{"start":{"line":24,"column":12},"end":{"line":34,"column":13}},"7":{"start":{"line":25,"column":16},"end":{"line":28,"column":30}},"8":{"start":{"line":30,"column":16},"end":{"line":33,"column":27}},"9":{"start":{"line":37,"column":8},"end":{"line":39,"column":21}},"10":{"start":{"line":40,"column":8},"end":{"line":53,"column":9}},"11":{"start":{"line":43,"column":12},"end":{"line":46,"column":14}},"12":{"start":{"line":47,"column":12},"end":{"line":47,"column":18}},"13":{"start":{"line":50,"column":12},"end":{"line":51,"column":46}},"14":{"start":{"line":52,"column":12},"end":{"line":52,"column":18}},"15":{"start":{"line":55,"column":8},"end":{"line":55,"column":35}},"16":{"start":{"line":61,"column":4},"end":{"line":63,"column":9}},"17":{"start":{"line":62,"column":8},"end":{"line":62,"column":15}},"18":{"start":{"line":64,"column":4},"end":{"line":77,"column":5}},"19":{"start":{"line":70,"column":8},"end":{"line":70,"column":14}},"20":{"start":{"line":76,"column":8},"end":{"line":76,"column":14}},"21":{"start":{"line":82,"column":4},"end":{"line":84,"column":9}},"22":{"start":{"line":83,"column":8},"end":{"line":83,"column":15}},"23":{"start":{"line":85,"column":4},"end":{"line":194,"column":5}},"24":{"start":{"line":91,"column":8},"end":{"line":99,"column":10}},"25":{"start":{"line":98,"column":12},"end":{"line":98,"column":35}},"26":{"start":{"line":102,"column":8},"end":{"line":104,"column":63}},"27":{"start":{"line":105,"column":8},"end":{"line":105,"column":14}},"28":{"start":{"line":112,"column":8},"end":{"line":121,"column":10},"skip":true},"29":{"start":{"line":119,"column":12},"end":{"line":119,"column":55},"skip":true},"30":{"start":{"line":120,"column":12},"end":{"line":120,"column":48},"skip":true},"31":{"start":{"line":123,"column":8},"end":{"line":136,"column":10},"skip":true},"32":{"start":{"line":130,"column":12},"end":{"line":130,"column":76},"skip":true},"33":{"start":{"line":131,"column":12},"end":{"line":131,"column":73},"skip":true},"34":{"start":{"line":132,"column":12},"end":{"line":132,"column":74},"skip":true},"35":{"start":{"line":133,"column":12},"end":{"line":133,"column":79},"skip":true},"36":{"start":{"line":134,"column":12},"end":{"line":134,"column":25},"skip":true},"37":{"start":{"line":135,"column":12},"end":{"line":135,"column":45},"skip":true},"38":{"start":{"line":138,"column":8},"end":{"line":145,"column":14},"skip":true},"39":{"start":{"line":143,"column":16},"end":{"line":143,"column":29},"skip":true},"40":{"start":{"line":144,"column":16},"end":{"line":144,"column":55},"skip":true},"41":{"start":{"line":147,"column":8},"end":{"line":156,"column":10},"skip":true},"42":{"start":{"line":154,"column":12},"end":{"line":154,"column":25},"skip":true},"43":{"start":{"line":155,"column":12},"end":{"line":155,"column":45},"skip":true},"44":{"start":{"line":158,"column":8},"end":{"line":167,"column":10},"skip":true},"45":{"start":{"line":165,"column":12},"end":{"line":165,"column":25},"skip":true},"46":{"start":{"line":166,"column":12},"end":{"line":166,"column":48},"skip":true},"47":{"start":{"line":169,"column":8},"end":{"line":178,"column":10},"skip":true},"48":{"start":{"line":176,"column":12},"end":{"line":176,"column":25},"skip":true},"49":{"start":{"line":177,"column":12},"end":{"line":177,"column":46},"skip":true},"50":{"start":{"line":180,"column":8},"end":{"line":189,"column":10},"skip":true},"51":{"start":{"line":187,"column":12},"end":{"line":187,"column":94},"skip":true},"52":{"start":{"line":188,"column":12},"end":{"line":188,"column":48},"skip":true},"53":{"start":{"line":192,"column":8},"end":{"line":192,"column":35},"skip":true},"54":{"start":{"line":193,"column":8},"end":{"line":193,"column":14},"skip":true}},"branchMap":{"1":{"line":25,"type":"binary-expr","locations":[{"start":{"line":25,"column":23},"end":{"line":25,"column":62}},{"start":{"line":26,"column":20},"end":{"line":26,"column":70}},{"start":{"line":27,"column":20},"end":{"line":27,"column":71}},{"start":{"line":28,"column":20},"end":{"line":28,"column":29}}]},"2":{"line":30,"type":"binary-expr","locations":[{"start":{"line":30,"column":23},"end":{"line":30,"column":37}},{"start":{"line":31,"column":20},"end":{"line":31,"column":61}},{"start":{"line":32,"column":20},"end":{"line":32,"column":70}},{"start":{"line":33,"column":20},"end":{"line":33,"column":26}}]},"3":{"line":37,"type":"cond-expr","locations":[{"start":{"line":38,"column":14},"end":{"line":38,"column":20}},{"start":{"line":39,"column":14},"end":{"line":39,"column":20}}]},"4":{"line":40,"type":"switch","locations":[{"start":{"line":42,"column":8},"end":{"line":47,"column":18}},{"start":{"line":49,"column":8},"end":{"line":52,"column":18}}]},"5":{"line":44,"type":"binary-expr","locations":[{"start":{"line":44,"column":16},"end":{"line":44,"column":44}},{"start":{"line":44,"column":48},"end":{"line":44,"column":66}}]},"6":{"line":50,"type":"binary-expr","locations":[{"start":{"line":50,"column":21},"end":{"line":50,"column":49}},{"start":{"line":50,"column":53},"end":{"line":50,"column":72}}]},"7":{"line":64,"type":"switch","locations":[{"start":{"line":69,"column":4},"end":{"line":70,"column":14}},{"start":{"line":75,"column":4},"end":{"line":76,"column":14}}]},"8":{"line":85,"type":"switch","locations":[{"start":{"line":90,"column":4},"end":{"line":105,"column":14}},{"start":{"line":111,"column":4},"end":{"line":193,"column":14},"skip":true}]},"9":{"line":91,"type":"binary-expr","locations":[{"start":{"line":91,"column":42},"end":{"line":91,"column":73}},{"start":{"line":91,"column":77},"end":{"line":99,"column":9}}]},"10":{"line":102,"type":"binary-expr","locations":[{"start":{"line":102,"column":18},"end":{"line":102,"column":32}},{"start":{"line":103,"column":12},"end":{"line":103,"column":53}},{"start":{"line":104,"column":12},"end":{"line":104,"column":61}}]},"11":{"line":112,"type":"binary-expr","locations":[{"start":{"line":112,"column":45},"end":{"line":112,"column":79},"skip":true},{"start":{"line":112,"column":83},"end":{"line":121,"column":9},"skip":true}]},"12":{"line":123,"type":"binary-expr","locations":[{"start":{"line":123,"column":42},"end":{"line":123,"column":73},"skip":true},{"start":{"line":123,"column":77},"end":{"line":136,"column":9},"skip":true}]},"13":{"line":138,"type":"binary-expr","locations":[{"start":{"line":138,"column":48},"end":{"line":138,"column":85},"skip":true},{"start":{"line":139,"column":12},"end":{"line":145,"column":13},"skip":true}]},"14":{"line":147,"type":"binary-expr","locations":[{"start":{"line":147,"column":42},"end":{"line":147,"column":73},"skip":true},{"start":{"line":147,"column":77},"end":{"line":156,"column":9},"skip":true}]},"15":{"line":158,"type":"binary-expr","locations":[{"start":{"line":158,"column":45},"end":{"line":158,"column":79},"skip":true},{"start":{"line":158,"column":83},"end":{"line":167,"column":9},"skip":true}]},"16":{"line":169,"type":"binary-expr","locations":[{"start":{"line":169,"column":43},"end":{"line":169,"column":75},"skip":true},{"start":{"line":169,"column":79},"end":{"line":178,"column":9},"skip":true}]},"17":{"line":180,"type":"binary-expr","locations":[{"start":{"line":180,"column":41},"end":{"line":180,"column":71},"skip":true},{"start":{"line":180,"column":75},"end":{"line":189,"column":9},"skip":true}]}},"code":["/* istanbul instrument in package npmtest_jquery_maskedinput */","/*jslint","    bitwise: true,","    browser: true,","    maxerr: 8,","    maxlen: 96,","    node: true,","    nomen: true,","    regexp: true,","    stupid: true","*/","(function () {","    'use strict';","    var local;","","","","    // run shared js-env code - pre-init","    (function () {","        // init local","        local = {};","        // init modeJs","        local.modeJs = (function () {","            try {","                return typeof navigator.userAgent === 'string' &&","                    typeof document.querySelector('body') === 'object' &&","                    typeof XMLHttpRequest.prototype.open === 'function' &&","                    'browser';","            } catch (errorCaughtBrowser) {","                return module.exports &&","                    typeof process.versions.node === 'string' &&","                    typeof require('http').createServer === 'function' &&","                    'node';","            }","        }());","        // init global","        local.global = local.modeJs === 'browser'","            ? window","            : global;","        switch (local.modeJs) {","        // re-init local from window.local","        case 'browser':","            local = local.global.utility2.objectSetDefault(","                local.global.utility2_rollup || local.global.local,","                local.global.utility2","            );","            break;","        // re-init local from example.js","        case 'node':","            local = (local.global.utility2_rollup || require('utility2'))","                .requireExampleJsFromReadme();","            break;","        }","        // export local","        local.global.local = local;","    }());","","","","    // run shared js-env code - function","    (function () {","        return;","    }());","    switch (local.modeJs) {","","","","    // run browser js-env code - function","    case 'browser':","        break;","","","","    // run node js-env code - function","    case 'node':","        break;","    }","","","","    // run shared js-env code - post-init","    (function () {","        return;","    }());","    switch (local.modeJs) {","","","","    // run browser js-env code - post-init","    case 'browser':","        local.testCase_browser_nullCase = local.testCase_browser_nullCase || function (","            options,","            onError","        ) {","        /*","         * this function will test browsers's null-case handling-behavior-behavior","         */","            onError(null, options);","        };","","        // run tests","        local.nop(local.modeTest &&","            document.querySelector('#testRunButton1') &&","            document.querySelector('#testRunButton1').click());","        break;","","","","    // run node js-env code - post-init","    /* istanbul ignore next */","    case 'node':","        local.testCase_buildApidoc_default = local.testCase_buildApidoc_default || function (","            options,","            onError","        ) {","        /*","         * this function will test buildApidoc's default handling-behavior-behavior","         */","            options = { modulePathList: module.paths };","            local.buildApidoc(options, onError);","        };","","        local.testCase_buildApp_default = local.testCase_buildApp_default || function (","            options,","            onError","        ) {","        /*","         * this function will test buildApp's default handling-behavior-behavior","         */","            local.testCase_buildReadme_default(options, local.onErrorThrow);","            local.testCase_buildLib_default(options, local.onErrorThrow);","            local.testCase_buildTest_default(options, local.onErrorThrow);","            local.testCase_buildCustomOrg_default(options, local.onErrorThrow);","            options = [];","            local.buildApp(options, onError);","        };","","        local.testCase_buildCustomOrg_default = local.testCase_buildCustomOrg_default ||","            function (options, onError) {","            /*","             * this function will test buildCustomOrg's default handling-behavior","             */","                options = {};","                local.buildCustomOrg(options, onError);","            };","","        local.testCase_buildLib_default = local.testCase_buildLib_default || function (","            options,","            onError","        ) {","        /*","         * this function will test buildLib's default handling-behavior","         */","            options = {};","            local.buildLib(options, onError);","        };","","        local.testCase_buildReadme_default = local.testCase_buildReadme_default || function (","            options,","            onError","        ) {","        /*","         * this function will test buildReadme's default handling-behavior-behavior","         */","            options = {};","            local.buildReadme(options, onError);","        };","","        local.testCase_buildTest_default = local.testCase_buildTest_default || function (","            options,","            onError","        ) {","        /*","         * this function will test buildTest's default handling-behavior","         */","            options = {};","            local.buildTest(options, onError);","        };","","        local.testCase_webpage_default = local.testCase_webpage_default || function (","            options,","            onError","        ) {","        /*","         * this function will test webpage's default handling-behavior","         */","            options = { modeCoverageMerge: true, url: local.serverLocalHost + '?modeTest=1' };","            local.browserTest(options, onError);","        };","","        // run test-server","        local.testRunServer(local);","        break;","    }","}());",""],"l":{"12":2,"14":2,"19":2,"21":2,"23":2,"24":2,"25":2,"30":1,"37":2,"40":2,"43":1,"47":1,"50":1,"52":1,"55":2,"61":2,"62":2,"64":2,"70":1,"76":1,"82":2,"83":2,"85":2,"91":1,"98":1,"102":1,"105":1,"112":1,"119":1,"120":1,"123":1,"130":1,"131":1,"132":1,"133":1,"134":1,"135":1,"138":1,"143":2,"144":2,"147":1,"154":2,"155":2,"158":1,"165":2,"166":2,"169":1,"176":2,"177":2,"180":1,"187":1,"188":1,"192":1,"193":1}},"/home/travis/build/npmtest/node-npmtest-jquery.maskedinput/lib.npmtest_jquery.maskedinput.js":{"path":"/home/travis/build/npmtest/node-npmtest-jquery.maskedinput/lib.npmtest_jquery.maskedinput.js","s":{"1":2,"2":2,"3":2,"4":2,"5":2,"6":2,"7":2,"8":1,"9":2,"10":2,"11":2,"12":2,"13":1,"14":1,"15":1,"16":1},"b":{"1":[2,1,1,1],"2":[1,1,1,1],"3":[1,1],"4":[2,2],"5":[1,1]},"f":{"1":2,"2":2,"3":2},"fnMap":{"1":{"name":"(anonymous_1)","line":12,"loc":{"start":{"line":12,"column":1},"end":{"line":12,"column":13}}},"2":{"name":"(anonymous_2)","line":19,"loc":{"start":{"line":19,"column":5},"end":{"line":19,"column":17}}},"3":{"name":"(anonymous_3)","line":23,"loc":{"start":{"line":23,"column":24},"end":{"line":23,"column":36}}}},"statementMap":{"1":{"start":{"line":12,"column":0},"end":{"line":53,"column":5}},"2":{"start":{"line":14,"column":4},"end":{"line":14,"column":14}},"3":{"start":{"line":19,"column":4},"end":{"line":52,"column":9}},"4":{"start":{"line":21,"column":8},"end":{"line":21,"column":19}},"5":{"start":{"line":23,"column":8},"end":{"line":35,"column":13}},"6":{"start":{"line":24,"column":12},"end":{"line":34,"column":13}},"7":{"start":{"line":25,"column":16},"end":{"line":28,"column":30}},"8":{"start":{"line":30,"column":16},"end":{"line":33,"column":27}},"9":{"start":{"line":37,"column":8},"end":{"line":39,"column":21}},"10":{"start":{"line":41,"column":8},"end":{"line":41,"column":54}},"11":{"start":{"line":43,"column":8},"end":{"line":43,"column":63}},"12":{"start":{"line":45,"column":8},"end":{"line":51,"column":9}},"13":{"start":{"line":46,"column":12},"end":{"line":46,"column":69}},"14":{"start":{"line":48,"column":12},"end":{"line":48,"column":35}},"15":{"start":{"line":49,"column":12},"end":{"line":49,"column":49}},"16":{"start":{"line":50,"column":12},"end":{"line":50,"column":43}}},"branchMap":{"1":{"line":25,"type":"binary-expr","locations":[{"start":{"line":25,"column":23},"end":{"line":25,"column":62}},{"start":{"line":26,"column":20},"end":{"line":26,"column":70}},{"start":{"line":27,"column":20},"end":{"line":27,"column":71}},{"start":{"line":28,"column":20},"end":{"line":28,"column":29}}]},"2":{"line":30,"type":"binary-expr","locations":[{"start":{"line":30,"column":23},"end":{"line":30,"column":37}},{"start":{"line":31,"column":20},"end":{"line":31,"column":61}},{"start":{"line":32,"column":20},"end":{"line":32,"column":70}},{"start":{"line":33,"column":20},"end":{"line":33,"column":26}}]},"3":{"line":37,"type":"cond-expr","locations":[{"start":{"line":38,"column":14},"end":{"line":38,"column":20}},{"start":{"line":39,"column":14},"end":{"line":39,"column":20}}]},"4":{"line":41,"type":"binary-expr","locations":[{"start":{"line":41,"column":16},"end":{"line":41,"column":44}},{"start":{"line":41,"column":48},"end":{"line":41,"column":53}}]},"5":{"line":45,"type":"if","locations":[{"start":{"line":45,"column":8},"end":{"line":45,"column":8}},{"start":{"line":45,"column":8},"end":{"line":45,"column":8}}]}},"code":["/* istanbul instrument in package npmtest_jquery_maskedinput */","/*jslint","    bitwise: true,","    browser: true,","    maxerr: 8,","    maxlen: 96,","    node: true,","    nomen: true,","    regexp: true,","    stupid: true","*/","(function () {","    'use strict';","    var local;","","","","    // run shared js-env code - pre-init","    (function () {","        // init local","        local = {};","        // init modeJs","        local.modeJs = (function () {","            try {","                return typeof navigator.userAgent === 'string' &&","                    typeof document.querySelector('body') === 'object' &&","                    typeof XMLHttpRequest.prototype.open === 'function' &&","                    'browser';","            } catch (errorCaughtBrowser) {","                return module.exports &&","                    typeof process.versions.node === 'string' &&","                    typeof require('http').createServer === 'function' &&","                    'node';","            }","        }());","        // init global","        local.global = local.modeJs === 'browser'","            ? window","            : global;","        // init utility2_rollup","        local = local.global.utility2_rollup || local;","        // init lib","        local.local = local.npmtest_jquery_maskedinput = local;","        // init exports","        if (local.modeJs === 'browser') {","            local.global.utility2_npmtest_jquery_maskedinput = local;","        } else {","            module.exports = local;","            module.exports.__dirname = __dirname;","            module.exports.module = module;","        }","    }());","}());",""],"l":{"12":2,"14":2,"19":2,"21":2,"23":2,"24":2,"25":2,"30":1,"37":2,"41":2,"43":2,"45":2,"46":1,"48":1,"49":1,"50":1}},"/home/travis/build/npmtest/node-npmtest-jquery.maskedinput/example.js":{"path":"/home/travis/build/npmtest/node-npmtest-jquery.maskedinput/example.js","s":{"1":2,"2":2,"3":2,"4":2,"5":2,"6":2,"7":2,"8":1,"9":2,"10":2,"11":2,"12":2,"13":1,"14":2,"15":2,"16":2,"17":2,"18":2,"19":0,"20":2,"21":1,"22":1,"23":1,"24":1,"25":1,"26":0,"27":0,"28":1,"29":1,"30":2,"31":0,"32":0,"33":0,"34":1,"35":2,"36":2,"37":3,"38":3,"39":3,"40":3,"41":0,"42":3,"43":3,"44":3,"45":1,"46":3,"47":1,"48":1,"49":1,"50":1,"51":1,"52":1,"53":1,"54":1,"55":1,"56":1,"57":0,"58":1,"59":6,"60":6,"61":1,"62":2,"63":0,"64":2,"65":1,"66":1,"67":0,"68":0,"69":0,"70":0,"71":0,"72":0,"73":0,"74":0,"75":0,"76":0,"77":0,"78":0,"79":0,"80":0,"81":0,"82":0,"83":0},"b":{"1":[2,1,1,1],"2":[1,1,1,1],"3":[1,1],"4":[2,2],"5":[1,1],"6":[1,1],"7":[2,0],"8":[2,1,1,1,1,1],"9":[0,2,0],"10":[1,1],"11":[2,1,1],"12":[1,0],"13":[0,2],"14":[2,0,0,0,0,0,0],"15":[0,3],"16":[3,0],"17":[1,1],"18":[0,1],"19":[1,2,0,2],"20":[1,0],"21":[1,1],"22":[0,0],"23":[0,0],"24":[0,0],"25":[0,0],"26":[0,0],"27":[0,0],"28":[0,0]},"f":{"1":2,"2":2,"3":2,"4":2,"5":2,"6":2,"7":3,"8":3,"9":3,"10":1,"11":6,"12":0},"fnMap":{"1":{"name":"(anonymous_1)","line":26,"loc":{"start":{"line":26,"column":1},"end":{"line":26,"column":13}}},"2":{"name":"(anonymous_2)","line":33,"loc":{"start":{"line":33,"column":5},"end":{"line":33,"column":17}}},"3":{"name":"(anonymous_3)","line":37,"loc":{"start":{"line":37,"column":24},"end":{"line":37,"column":36}}},"4":{"name":"(anonymous_4)","line":69,"loc":{"start":{"line":69,"column":31},"end":{"line":69,"column":48}},"skip":true},"5":{"name":"(anonymous_5)","line":78,"loc":{"start":{"line":78,"column":26},"end":{"line":78,"column":45}},"skip":true},"6":{"name":"(anonymous_6)","line":123,"loc":{"start":{"line":123,"column":33},"end":{"line":123,"column":48}},"skip":true},"7":{"name":"(anonymous_7)","line":125,"loc":{"start":{"line":125,"column":27},"end":{"line":125,"column":39}},"skip":true},"8":{"name":"(anonymous_8)","line":133,"loc":{"start":{"line":133,"column":59},"end":{"line":133,"column":74}},"skip":true},"9":{"name":"(anonymous_9)","line":143,"loc":{"start":{"line":143,"column":45},"end":{"line":143,"column":62}},"skip":true},"10":{"name":"(anonymous_10)","line":144,"loc":{"start":{"line":144,"column":73},"end":{"line":144,"column":92}},"skip":true},"11":{"name":"(anonymous_11)","line":272,"loc":{"start":{"line":272,"column":51},"end":{"line":272,"column":77}},"skip":true},"12":{"name":"(anonymous_12)","line":315,"loc":{"start":{"line":315,"column":32},"end":{"line":315,"column":61}},"skip":true}},"statementMap":{"1":{"start":{"line":26,"column":0},"end":{"line":326,"column":5}},"2":{"start":{"line":28,"column":4},"end":{"line":28,"column":14}},"3":{"start":{"line":33,"column":4},"end":{"line":60,"column":9}},"4":{"start":{"line":35,"column":8},"end":{"line":35,"column":19}},"5":{"start":{"line":37,"column":8},"end":{"line":49,"column":13}},"6":{"start":{"line":38,"column":12},"end":{"line":48,"column":13}},"7":{"start":{"line":39,"column":16},"end":{"line":42,"column":30}},"8":{"start":{"line":44,"column":16},"end":{"line":47,"column":27}},"9":{"start":{"line":51,"column":8},"end":{"line":53,"column":21}},"10":{"start":{"line":55,"column":8},"end":{"line":57,"column":45}},"11":{"start":{"line":59,"column":8},"end":{"line":59,"column":35}},"12":{"start":{"line":61,"column":4},"end":{"line":325,"column":5}},"13":{"start":{"line":69,"column":8},"end":{"line":121,"column":10},"skip":true},"14":{"start":{"line":70,"column":12},"end":{"line":88,"column":13},"skip":true},"15":{"start":{"line":76,"column":16},"end":{"line":87,"column":19},"skip":true},"16":{"start":{"line":79,"column":20},"end":{"line":86,"column":21},"skip":true},"17":{"start":{"line":82,"column":24},"end":{"line":82,"column":43},"skip":true},"18":{"start":{"line":83,"column":24},"end":{"line":83,"column":30},"skip":true},"19":{"start":{"line":85,"column":24},"end":{"line":85,"column":49},"skip":true},"20":{"start":{"line":89,"column":12},"end":{"line":107,"column":13},"skip":true},"21":{"start":{"line":92,"column":16},"end":{"line":102,"column":17},"skip":true},"22":{"start":{"line":93,"column":20},"end":{"line":93,"column":86},"skip":true},"23":{"start":{"line":94,"column":20},"end":{"line":95,"column":45},"skip":true},"24":{"start":{"line":96,"column":20},"end":{"line":96,"column":42},"skip":true},"25":{"start":{"line":97,"column":20},"end":{"line":97,"column":48},"skip":true},"26":{"start":{"line":100,"column":20},"end":{"line":100,"column":85},"skip":true},"27":{"start":{"line":101,"column":20},"end":{"line":101,"column":96},"skip":true},"28":{"start":{"line":103,"column":16},"end":{"line":103,"column":22},"skip":true},"29":{"start":{"line":106,"column":16},"end":{"line":106,"column":22},"skip":true},"30":{"start":{"line":108,"column":12},"end":{"line":120,"column":13},"skip":true},"31":{"start":{"line":114,"column":16},"end":{"line":119,"column":17},"skip":true},"32":{"start":{"line":116,"column":20},"end":{"line":116,"column":78},"skip":true},"33":{"start":{"line":118,"column":20},"end":{"line":118,"column":47},"skip":true},"34":{"start":{"line":123,"column":8},"end":{"line":141,"column":11},"skip":true},"35":{"start":{"line":124,"column":12},"end":{"line":124,"column":54},"skip":true},"36":{"start":{"line":125,"column":12},"end":{"line":140,"column":14},"skip":true},"37":{"start":{"line":126,"column":16},"end":{"line":126,"column":28},"skip":true},"38":{"start":{"line":127,"column":16},"end":{"line":127,"column":69},"skip":true},"39":{"start":{"line":128,"column":16},"end":{"line":128,"column":75},"skip":true},"40":{"start":{"line":129,"column":16},"end":{"line":131,"column":17},"skip":true},"41":{"start":{"line":130,"column":20},"end":{"line":130,"column":27},"skip":true},"42":{"start":{"line":133,"column":16},"end":{"line":137,"column":36},"skip":true},"43":{"start":{"line":134,"column":20},"end":{"line":136,"column":55},"skip":true},"44":{"start":{"line":139,"column":16},"end":{"line":139,"column":57},"skip":true},"45":{"start":{"line":143,"column":8},"end":{"line":147,"column":11},"skip":true},"46":{"start":{"line":144,"column":12},"end":{"line":146,"column":15},"skip":true},"47":{"start":{"line":145,"column":16},"end":{"line":145,"column":70},"skip":true},"48":{"start":{"line":149,"column":8},"end":{"line":149,"column":31},"skip":true},"49":{"start":{"line":150,"column":8},"end":{"line":150,"column":14},"skip":true},"50":{"start":{"line":158,"column":8},"end":{"line":158,"column":31},"skip":true},"51":{"start":{"line":160,"column":8},"end":{"line":160,"column":33},"skip":true},"52":{"start":{"line":161,"column":8},"end":{"line":161,"column":37},"skip":true},"53":{"start":{"line":162,"column":8},"end":{"line":162,"column":35},"skip":true},"54":{"start":{"line":164,"column":8},"end":{"line":164,"column":50},"skip":true},"55":{"start":{"line":166,"column":8},"end":{"line":256,"column":2},"skip":true},"56":{"start":{"line":258,"column":8},"end":{"line":286,"column":9},"skip":true},"57":{"start":{"line":259,"column":12},"end":{"line":269,"column":14},"skip":true},"58":{"start":{"line":271,"column":12},"end":{"line":285,"column":19},"skip":true},"59":{"start":{"line":274,"column":20},"end":{"line":274,"column":35},"skip":true},"60":{"start":{"line":275,"column":20},"end":{"line":284,"column":21},"skip":true},"61":{"start":{"line":277,"column":24},"end":{"line":277,"column":64},"skip":true},"62":{"start":{"line":279,"column":24},"end":{"line":279,"column":40},"skip":true},"63":{"start":{"line":281,"column":24},"end":{"line":281,"column":40},"skip":true},"64":{"start":{"line":283,"column":24},"end":{"line":283,"column":39},"skip":true},"65":{"start":{"line":288,"column":8},"end":{"line":290,"column":9},"skip":true},"66":{"start":{"line":289,"column":12},"end":{"line":289,"column":18},"skip":true},"67":{"start":{"line":291,"column":8},"end":{"line":293,"column":54},"skip":true},"68":{"start":{"line":296,"column":8},"end":{"line":301,"column":37},"skip":true},"69":{"start":{"line":303,"column":8},"end":{"line":303,"column":82},"skip":true},"70":{"start":{"line":306,"column":8},"end":{"line":308,"column":9},"skip":true},"71":{"start":{"line":307,"column":12},"end":{"line":307,"column":82},"skip":true},"72":{"start":{"line":310,"column":8},"end":{"line":312,"column":9},"skip":true},"73":{"start":{"line":311,"column":12},"end":{"line":311,"column":18},"skip":true},"74":{"start":{"line":313,"column":8},"end":{"line":313,"column":54},"skip":true},"75":{"start":{"line":314,"column":8},"end":{"line":314,"column":69},"skip":true},"76":{"start":{"line":315,"column":8},"end":{"line":323,"column":36},"skip":true},"77":{"start":{"line":316,"column":12},"end":{"line":316,"column":61},"skip":true},"78":{"start":{"line":317,"column":12},"end":{"line":320,"column":13},"skip":true},"79":{"start":{"line":318,"column":16},"end":{"line":318,"column":75},"skip":true},"80":{"start":{"line":319,"column":16},"end":{"line":319,"column":23},"skip":true},"81":{"start":{"line":321,"column":12},"end":{"line":321,"column":38},"skip":true},"82":{"start":{"line":322,"column":12},"end":{"line":322,"column":27},"skip":true},"83":{"start":{"line":324,"column":8},"end":{"line":324,"column":14},"skip":true}},"branchMap":{"1":{"line":39,"type":"binary-expr","locations":[{"start":{"line":39,"column":23},"end":{"line":39,"column":62}},{"start":{"line":40,"column":20},"end":{"line":40,"column":70}},{"start":{"line":41,"column":20},"end":{"line":41,"column":71}},{"start":{"line":42,"column":20},"end":{"line":42,"column":29}}]},"2":{"line":44,"type":"binary-expr","locations":[{"start":{"line":44,"column":23},"end":{"line":44,"column":37}},{"start":{"line":45,"column":20},"end":{"line":45,"column":61}},{"start":{"line":46,"column":20},"end":{"line":46,"column":70}},{"start":{"line":47,"column":20},"end":{"line":47,"column":26}}]},"3":{"line":51,"type":"cond-expr","locations":[{"start":{"line":52,"column":14},"end":{"line":52,"column":20}},{"start":{"line":53,"column":14},"end":{"line":53,"column":20}}]},"4":{"line":55,"type":"binary-expr","locations":[{"start":{"line":55,"column":16},"end":{"line":55,"column":44}},{"start":{"line":55,"column":49},"end":{"line":57,"column":43}}]},"5":{"line":55,"type":"cond-expr","locations":[{"start":{"line":56,"column":14},"end":{"line":56,"column":62}},{"start":{"line":57,"column":14},"end":{"line":57,"column":43}}]},"6":{"line":61,"type":"switch","locations":[{"start":{"line":68,"column":4},"end":{"line":150,"column":14},"skip":true},{"start":{"line":156,"column":4},"end":{"line":324,"column":14},"skip":true}]},"7":{"line":70,"type":"if","locations":[{"start":{"line":70,"column":12},"end":{"line":70,"column":12},"skip":true},{"start":{"line":70,"column":12},"end":{"line":70,"column":12},"skip":true}]},"8":{"line":70,"type":"binary-expr","locations":[{"start":{"line":70,"column":16},"end":{"line":70,"column":22},"skip":true},{"start":{"line":70,"column":27},"end":{"line":70,"column":32},"skip":true},{"start":{"line":71,"column":20},"end":{"line":71,"column":39},"skip":true},{"start":{"line":72,"column":20},"end":{"line":72,"column":49},"skip":true},{"start":{"line":73,"column":20},"end":{"line":73,"column":58},"skip":true},{"start":{"line":74,"column":20},"end":{"line":74,"column":69},"skip":true}]},"9":{"line":79,"type":"switch","locations":[{"start":{"line":80,"column":20},"end":{"line":80,"column":33},"skip":true},{"start":{"line":81,"column":20},"end":{"line":83,"column":30},"skip":true},{"start":{"line":84,"column":20},"end":{"line":85,"column":49},"skip":true}]},"10":{"line":89,"type":"switch","locations":[{"start":{"line":90,"column":12},"end":{"line":103,"column":22},"skip":true},{"start":{"line":105,"column":12},"end":{"line":106,"column":22},"skip":true}]},"11":{"line":89,"type":"binary-expr","locations":[{"start":{"line":89,"column":20},"end":{"line":89,"column":25},"skip":true},{"start":{"line":89,"column":29},"end":{"line":89,"column":48},"skip":true},{"start":{"line":89,"column":52},"end":{"line":89,"column":74},"skip":true}]},"12":{"line":92,"type":"if","locations":[{"start":{"line":92,"column":16},"end":{"line":92,"column":16},"skip":true},{"start":{"line":92,"column":16},"end":{"line":92,"column":16},"skip":true}]},"13":{"line":108,"type":"if","locations":[{"start":{"line":108,"column":12},"end":{"line":108,"column":12},"skip":true},{"start":{"line":108,"column":12},"end":{"line":108,"column":12},"skip":true}]},"14":{"line":108,"type":"binary-expr","locations":[{"start":{"line":108,"column":16},"end":{"line":108,"column":61},"skip":true},{"start":{"line":108,"column":66},"end":{"line":108,"column":72},"skip":true},{"start":{"line":108,"column":77},"end":{"line":108,"column":82},"skip":true},{"start":{"line":109,"column":20},"end":{"line":109,"column":39},"skip":true},{"start":{"line":110,"column":20},"end":{"line":110,"column":49},"skip":true},{"start":{"line":111,"column":20},"end":{"line":111,"column":58},"skip":true},{"start":{"line":112,"column":20},"end":{"line":112,"column":68},"skip":true}]},"15":{"line":129,"type":"if","locations":[{"start":{"line":129,"column":16},"end":{"line":129,"column":16},"skip":true},{"start":{"line":129,"column":16},"end":{"line":129,"column":16},"skip":true}]},"16":{"line":134,"type":"cond-expr","locations":[{"start":{"line":135,"column":26},"end":{"line":135,"column":29},"skip":true},{"start":{"line":136,"column":26},"end":{"line":136,"column":54},"skip":true}]},"17":{"line":164,"type":"binary-expr","locations":[{"start":{"line":164,"column":27},"end":{"line":164,"column":43},"skip":true},{"start":{"line":164,"column":47},"end":{"line":164,"column":49},"skip":true}]},"18":{"line":258,"type":"if","locations":[{"start":{"line":258,"column":8},"end":{"line":258,"column":8},"skip":true},{"start":{"line":258,"column":8},"end":{"line":258,"column":8},"skip":true}]},"19":{"line":275,"type":"switch","locations":[{"start":{"line":276,"column":20},"end":{"line":277,"column":64},"skip":true},{"start":{"line":278,"column":20},"end":{"line":279,"column":40},"skip":true},{"start":{"line":280,"column":20},"end":{"line":281,"column":40},"skip":true},{"start":{"line":282,"column":20},"end":{"line":283,"column":39},"skip":true}]},"20":{"line":288,"type":"if","locations":[{"start":{"line":288,"column":8},"end":{"line":288,"column":8},"skip":true},{"start":{"line":288,"column":8},"end":{"line":288,"column":8},"skip":true}]},"21":{"line":288,"type":"binary-expr","locations":[{"start":{"line":288,"column":12},"end":{"line":288,"column":40},"skip":true},{"start":{"line":288,"column":44},"end":{"line":288,"column":67},"skip":true}]},"22":{"line":292,"type":"binary-expr","locations":[{"start":{"line":292,"column":12},"end":{"line":292,"column":50},"skip":true},{"start":{"line":293,"column":12},"end":{"line":293,"column":53},"skip":true}]},"23":{"line":297,"type":"binary-expr","locations":[{"start":{"line":297,"column":12},"end":{"line":297,"column":76},"skip":true},{"start":{"line":298,"column":12},"end":{"line":301,"column":36},"skip":true}]},"24":{"line":303,"type":"binary-expr","locations":[{"start":{"line":303,"column":43},"end":{"line":303,"column":75},"skip":true},{"start":{"line":303,"column":79},"end":{"line":303,"column":81},"skip":true}]},"25":{"line":306,"type":"if","locations":[{"start":{"line":306,"column":8},"end":{"line":306,"column":8},"skip":true},{"start":{"line":306,"column":8},"end":{"line":306,"column":8},"skip":true}]},"26":{"line":310,"type":"if","locations":[{"start":{"line":310,"column":8},"end":{"line":310,"column":8},"skip":true},{"start":{"line":310,"column":8},"end":{"line":310,"column":8},"skip":true}]},"27":{"line":313,"type":"binary-expr","locations":[{"start":{"line":313,"column":27},"end":{"line":313,"column":43},"skip":true},{"start":{"line":313,"column":47},"end":{"line":313,"column":53},"skip":true}]},"28":{"line":317,"type":"if","locations":[{"start":{"line":317,"column":12},"end":{"line":317,"column":12},"skip":true},{"start":{"line":317,"column":12},"end":{"line":317,"column":12},"skip":true}]}},"code":["/*","example.js","","quickstart example","","instruction","    1. save this script as example.js","    2. run the shell command:","        $ npm install npmtest-jquery.maskedinput && PORT=8081 node example.js","    3. play with the browser-demo on http://127.0.0.1:8081","*/","","","","/* istanbul instrument in package npmtest_jquery_maskedinput */","/*jslint","    bitwise: true,","    browser: true,","    maxerr: 8,","    maxlen: 96,","    node: true,","    nomen: true,","    regexp: true,","    stupid: true","*/","(function () {","    'use strict';","    var local;","","","","    // run shared js-env code - pre-init","    (function () {","        // init local","        local = {};","        // init modeJs","        local.modeJs = (function () {","            try {","                return typeof navigator.userAgent === 'string' &&","                    typeof document.querySelector('body') === 'object' &&","                    typeof XMLHttpRequest.prototype.open === 'function' &&","                    'browser';","            } catch (errorCaughtBrowser) {","                return module.exports &&","                    typeof process.versions.node === 'string' &&","                    typeof require('http').createServer === 'function' &&","                    'node';","            }","        }());","        // init global","        local.global = local.modeJs === 'browser'","            ? window","            : global;","        // init utility2_rollup","        local = local.global.utility2_rollup || (local.modeJs === 'browser'","            ? local.global.utility2_npmtest_jquery_maskedinput","            : global.utility2_moduleExports);","        // export local","        local.global.local = local;","    }());","    switch (local.modeJs) {","","","","    // post-init","    // run browser js-env code - post-init","    /* istanbul ignore next */","    case 'browser':","        local.testRunBrowser = function (event) {","            if (!event || (event &&","                    event.currentTarget &&","                    event.currentTarget.className &&","                    event.currentTarget.className.includes &&","                    event.currentTarget.className.includes('onreset'))) {","                // reset output","                Array.from(","                    document.querySelectorAll('body > .resettable')","                ).forEach(function (element) {","                    switch (element.tagName) {","                    case 'INPUT':","                    case 'TEXTAREA':","                        element.value = '';","                        break;","                    default:","                        element.textContent = '';","                    }","                });","            }","            switch (event && event.currentTarget && event.currentTarget.id) {","            case 'testRunButton1':","                // show tests","                if (document.querySelector('#testReportDiv1').style.display === 'none') {","                    document.querySelector('#testReportDiv1').style.display = 'block';","                    document.querySelector('#testRunButton1').textContent =","                        'hide internal test';","                    local.modeTest = true;","                    local.testRunDefault(local);","                // hide tests","                } else {","                    document.querySelector('#testReportDiv1').style.display = 'none';","                    document.querySelector('#testRunButton1').textContent = 'run internal test';","                }","                break;","            // custom-case","            default:","                break;","            }","            if (document.querySelector('#inputTextareaEval1') && (!event || (event &&","                    event.currentTarget &&","                    event.currentTarget.className &&","                    event.currentTarget.className.includes &&","                    event.currentTarget.className.includes('oneval')))) {","                // try to eval input-code","                try {","                    /*jslint evil: true*/","                    eval(document.querySelector('#inputTextareaEval1').value);","                } catch (errorCaught) {","                    console.error(errorCaught);","                }","            }","        };","        // log stderr and stdout to #outputTextareaStdout1","        ['error', 'log'].forEach(function (key) {","            console[key + '_original'] = console[key];","            console[key] = function () {","                var element;","                console[key + '_original'].apply(console, arguments);","                element = document.querySelector('#outputTextareaStdout1');","                if (!element) {","                    return;","                }","                // append text to #outputTextareaStdout1","                element.value += Array.from(arguments).map(function (arg) {","                    return typeof arg === 'string'","                        ? arg","                        : JSON.stringify(arg, null, 4);","                }).join(' ') + '\\n';","                // scroll textarea to bottom","                element.scrollTop = element.scrollHeight;","            };","        });","        // init event-handling","        ['change', 'click', 'keyup'].forEach(function (event) {","            Array.from(document.querySelectorAll('.on' + event)).forEach(function (element) {","                element.addEventListener(event, local.testRunBrowser);","            });","        });","        // run tests","        local.testRunBrowser();","        break;","","","","    // run node js-env code - post-init","    /* istanbul ignore next */","    case 'node':","        // export local","        module.exports = local;","        // require modules","        local.fs = require('fs');","        local.http = require('http');","        local.url = require('url');","        // init assets","        local.assetsDict = local.assetsDict || {};","        /* jslint-ignore-begin */","        local.assetsDict['/assets.index.template.html'] = '\\","<!doctype html>\\n\\","<html lang=\"en\">\\n\\","<head>\\n\\","<meta charset=\"UTF-8\">\\n\\","<meta name=\"viewport\" content=\"width=device-width, initial-scale=1\">\\n\\","<title>{{env.npm_package_name}} (v{{env.npm_package_version}})</title>\\n\\","<style>\\n\\","/*csslint\\n\\","    box-sizing: false,\\n\\","    universal-selector: false\\n\\","*/\\n\\","* {\\n\\","    box-sizing: border-box;\\n\\","}\\n\\","body {\\n\\","    background: #dde;\\n\\","    font-family: Arial, Helvetica, sans-serif;\\n\\","    margin: 2rem;\\n\\","}\\n\\","body > * {\\n\\","    margin-bottom: 1rem;\\n\\","}\\n\\",".utility2FooterDiv {\\n\\","    margin-top: 20px;\\n\\","    text-align: center;\\n\\","}\\n\\","</style>\\n\\","<style>\\n\\","/*csslint\\n\\","*/\\n\\","textarea {\\n\\","    font-family: monospace;\\n\\","    height: 10rem;\\n\\","    width: 100%;\\n\\","}\\n\\","textarea[readonly] {\\n\\","    background: #ddd;\\n\\","}\\n\\","</style>\\n\\","</head>\\n\\","<body>\\n\\","<!-- utility2-comment\\n\\","<div id=\"ajaxProgressDiv1\" style=\"background: #d00; height: 2px; left: 0; margin: 0; padding: 0; position: fixed; top: 0; transition: background 0.5s, width 1.5s; width: 25%;\"></div>\\n\\","utility2-comment -->\\n\\","<h1>\\n\\","<!-- utility2-comment\\n\\","    <a\\n\\","        {{#if env.npm_package_homepage}}\\n\\","        href=\"{{env.npm_package_homepage}}\"\\n\\","        {{/if env.npm_package_homepage}}\\n\\","        target=\"_blank\"\\n\\","    >\\n\\","utility2-comment -->\\n\\","        {{env.npm_package_name}} (v{{env.npm_package_version}})\\n\\","<!-- utility2-comment\\n\\","    </a>\\n\\","utility2-comment -->\\n\\","</h1>\\n\\","<h3>{{env.npm_package_description}}</h3>\\n\\","<!-- utility2-comment\\n\\","<h4><a download href=\"assets.app.js\">download standalone app</a></h4>\\n\\","<button class=\"onclick onreset\" id=\"testRunButton1\">run internal test</button><br>\\n\\","<div id=\"testReportDiv1\" style=\"display: none;\"></div>\\n\\","utility2-comment -->\\n\\","\\n\\","\\n\\","\\n\\","<label>stderr and stdout</label>\\n\\","<textarea class=\"resettable\" id=\"outputTextareaStdout1\" readonly></textarea>\\n\\","<!-- utility2-comment\\n\\","{{#if isRollup}}\\n\\","<script src=\"assets.app.js\"></script>\\n\\","{{#unless isRollup}}\\n\\","utility2-comment -->\\n\\","<script src=\"assets.utility2.rollup.js\"></script>\\n\\","<script src=\"jsonp.utility2._stateInit?callback=window.utility2._stateInit\"></script>\\n\\","<script src=\"assets.npmtest_jquery_maskedinput.rollup.js\"></script>\\n\\","<script src=\"assets.example.js\"></script>\\n\\","<script src=\"assets.test.js\"></script>\\n\\","<!-- utility2-comment\\n\\","{{/if isRollup}}\\n\\","utility2-comment -->\\n\\","<div class=\"utility2FooterDiv\">\\n\\","    [ this app was created with\\n\\","    <a href=\"https://github.com/kaizhu256/node-utility2\" target=\"_blank\">utility2</a>\\n\\","    ]\\n\\","</div>\\n\\","</body>\\n\\","</html>\\n\\","';","        /* jslint-ignore-end */","        if (local.templateRender) {","            local.assetsDict['/'] = local.templateRender(","                local.assetsDict['/assets.index.template.html'],","                {","                    env: local.objectSetDefault(local.env, {","                        npm_package_description: 'the greatest app in the world!',","                        npm_package_name: 'my-app',","                        npm_package_nameAlias: 'my_app',","                        npm_package_version: '0.0.1'","                    })","                }","            );","        } else {","            local.assetsDict['/'] = local.assetsDict['/assets.index.template.html']","                .replace((/\\{\\{env\\.(\\w+?)\\}\\}/g), function (match0, match1) {","                    // jslint-hack","                    String(match0);","                    switch (match1) {","                    case 'npm_package_description':","                        return 'the greatest app in the world!';","                    case 'npm_package_name':","                        return 'my-app';","                    case 'npm_package_nameAlias':","                        return 'my_app';","                    case 'npm_package_version':","                        return '0.0.1';","                    }","                });","        }","        // run the cli","        if (local.global.utility2_rollup || module !== require.main) {","            break;","        }","        local.assetsDict['/assets.example.js'] =","            local.assetsDict['/assets.example.js'] ||","            local.fs.readFileSync(__filename, 'utf8');","        // bug-workaround - long $npm_package_buildCustomOrg","        /* jslint-ignore-begin */","        local.assetsDict['/assets.npmtest_jquery_maskedinput.rollup.js'] =","            local.assetsDict['/assets.npmtest_jquery_maskedinput.rollup.js'] ||","            local.fs.readFileSync(","                local.npmtest_jquery_maskedinput.__dirname + '/lib.npmtest_jquery_maskedinput.js',","                'utf8'","            ).replace((/^#!/), '//');","        /* jslint-ignore-end */","        local.assetsDict['/favicon.ico'] = local.assetsDict['/favicon.ico'] || '';","        // if $npm_config_timeout_exit exists,","        // then exit this process after $npm_config_timeout_exit ms","        if (Number(process.env.npm_config_timeout_exit)) {","            setTimeout(process.exit, Number(process.env.npm_config_timeout_exit));","        }","        // start server","        if (local.global.utility2_serverHttp1) {","            break;","        }","        process.env.PORT = process.env.PORT || '8081';","        console.error('server starting on port ' + process.env.PORT);","        local.http.createServer(function (request, response) {","            request.urlParsed = local.url.parse(request.url);","            if (local.assetsDict[request.urlParsed.pathname] !== undefined) {","                response.end(local.assetsDict[request.urlParsed.pathname]);","                return;","            }","            response.statusCode = 404;","            response.end();","        }).listen(process.env.PORT);","        break;","    }","}());",""],"l":{"26":2,"28":2,"33":2,"35":2,"37":2,"38":2,"39":2,"44":1,"51":2,"55":2,"59":2,"61":2,"69":1,"70":2,"76":2,"79":2,"82":2,"83":2,"85":1,"89":2,"92":1,"93":1,"94":1,"96":1,"97":1,"100":1,"101":1,"103":1,"106":1,"108":2,"114":1,"116":1,"118":1,"123":1,"124":2,"125":2,"126":3,"127":3,"128":3,"129":3,"130":1,"133":3,"134":3,"139":3,"143":1,"144":3,"145":1,"149":1,"150":1,"158":1,"160":1,"161":1,"162":1,"164":1,"166":1,"258":1,"259":1,"271":1,"274":6,"275":6,"277":1,"279":2,"281":1,"283":2,"288":1,"289":1,"291":1,"296":1,"303":1,"306":1,"307":1,"310":1,"311":1,"313":1,"314":1,"315":1,"316":1,"317":1,"318":1,"319":1,"321":1,"322":1,"324":1}},"/home/travis/build/npmtest/node-npmtest-jquery.maskedinput/node_modules/jquery.maskedinput/gruntfile.js":{"path":"/home/travis/build/npmtest/node-npmtest-jquery.maskedinput/node_modules/jquery.maskedinput/gruntfile.js","s":{"1":1,"2":0,"3":0,"4":0,"5":0,"6":0,"7":0,"8":0},"b":{},"f":{"1":0},"fnMap":{"1":{"name":"(anonymous_1)","line":4,"loc":{"start":{"line":4,"column":17},"end":{"line":4,"column":35}}}},"statementMap":{"1":{"start":{"line":4,"column":0},"end":{"line":62,"column":2}},"2":{"start":{"line":5,"column":2},"end":{"line":53,"column":5}},"3":{"start":{"line":55,"column":2},"end":{"line":55,"column":46}},"4":{"start":{"line":56,"column":2},"end":{"line":56,"column":45}},"5":{"start":{"line":57,"column":2},"end":{"line":57,"column":36}},"6":{"start":{"line":59,"column":2},"end":{"line":59,"column":42}},"7":{"start":{"line":60,"column":2},"end":{"line":60,"column":54}},"8":{"start":{"line":61,"column":2},"end":{"line":61,"column":52}}},"branchMap":{},"code":["","\"use strict\";","","module.exports = function( grunt ) {","  grunt.initConfig({","    // TODO: change to read component.json","    pkg: require('./package.json'),","","    uglify: {","      options: {","        banner: '/*\\n    <%= pkg.description %>\\n    Copyright (c) 2007 - <%= grunt.template.today(\"yyyy\") %> <%= pkg.author %>\\n    Licensed under the MIT license (http://digitalbush.com/projects/masked-input-plugin/#license)\\n    Version: <%= pkg.version %>\\n*/\\n'","      },","","      dev: {","        options: {","          beautify: true,","          mangle: false","        },","","        files: {","          'dist/jquery.maskedinput.js': ['src/jquery.maskedinput.js']","        }","      },","","      min: {","        files: {","          'dist/jquery.maskedinput.min.js': ['src/jquery.maskedinput.js']","        }","      }","    },","","    jasmine: {","      full: {","        src: \"src/**/*.js\",","        options: {","          specs: \"spec/*[S|s]pec.js\",","          vendor: [","            \"spec/lib/matchers.js\",","            \"spec/lib/jasmine-species/jasmine-grammar.js\",","            \"spec/lib/setup.js\",","            \"lib/jquery-1.9.0.min.js\",","            \"spec/lib/jquery.keymasher.js\"","          ]","        }","      }","    },","    nugetpack: {","        dist: {","            src: 'jquery.maskedinput.nuspec',","            dest: 'dist/'","        }","    }","  });","","  grunt.loadNpmTasks(\"grunt-contrib-jasmine\");","  grunt.loadNpmTasks(\"grunt-contrib-uglify\");","  grunt.loadNpmTasks('grunt-nuget');","","  grunt.registerTask('test', ['jasmine']);","  grunt.registerTask('pack', ['default','nugetpack']);","  grunt.registerTask('default', ['test', 'uglify']);","};",""],"l":{"4":1,"5":0,"55":0,"56":0,"57":0,"59":0,"60":0,"61":0}},"/home/travis/build/npmtest/node-npmtest-jquery.maskedinput/node_modules/jquery.maskedinput/spec/Backspace.Spec.js":{"path":"/home/travis/build/npmtest/node-npmtest-jquery.maskedinput/node_modules/jquery.maskedinput/spec/Backspace.Spec.js","s":{"1":2,"2":0,"3":0,"4":0,"5":0,"6":0,"7":0,"8":0,"9":0,"10":0,"11":0,"12":0,"13":0,"14":0,"15":0,"16":0,"17":0,"18":0,"19":0,"20":0,"21":0,"22":0,"23":0,"24":0,"25":0,"26":0,"27":0,"28":0,"29":0,"30":0,"31":0,"32":0,"33":0,"34":0,"35":0,"36":0,"37":0,"38":0,"39":0,"40":0,"41":0,"42":0,"43":0,"44":0,"45":0,"46":0,"47":0,"48":0,"49":0,"50":0,"51":0,"52":0,"53":0,"54":0,"55":0,"56":0,"57":0,"58":0,"59":0,"60":0,"61":0,"62":0,"63":0,"64":0,"65":0,"66":0,"67":0,"68":0,"69":0,"70":0,"71":0,"72":0,"73":0,"74":0,"75":0,"76":0},"b":{},"f":{"1":0,"2":0,"3":0,"4":0,"5":0,"6":0,"7":0,"8":0,"9":0,"10":0,"11":0,"12":0,"13":0,"14":0,"15":0,"16":0,"17":0,"18":0,"19":0,"20":0,"21":0,"22":0,"23":0,"24":0,"25":0,"26":0,"27":0,"28":0,"29":0,"30":0,"31":0,"32":0,"33":0,"34":0,"35":0,"36":0,"37":0,"38":0,"39":0,"40":0,"41":0,"42":0,"43":0,"44":0,"45":0,"46":0},"fnMap":{"1":{"name":"(anonymous_1)","line":1,"loc":{"start":{"line":1,"column":25},"end":{"line":1,"column":36}}},"2":{"name":"(anonymous_2)","line":2,"loc":{"start":{"line":2,"column":75},"end":{"line":2,"column":85}}},"3":{"name":"(anonymous_3)","line":3,"loc":{"start":{"line":3,"column":64},"end":{"line":3,"column":74}}},"4":{"name":"(anonymous_4)","line":4,"loc":{"start":{"line":4,"column":54},"end":{"line":4,"column":64}}},"5":{"name":"(anonymous_5)","line":10,"loc":{"start":{"line":10,"column":68},"end":{"line":10,"column":78}}},"6":{"name":"(anonymous_6)","line":14,"loc":{"start":{"line":14,"column":36},"end":{"line":14,"column":46}}},"7":{"name":"(anonymous_7)","line":15,"loc":{"start":{"line":15,"column":19},"end":{"line":15,"column":33}}},"8":{"name":"(anonymous_8)","line":18,"loc":{"start":{"line":18,"column":34},"end":{"line":18,"column":44}}},"9":{"name":"(anonymous_9)","line":22,"loc":{"start":{"line":22,"column":42},"end":{"line":22,"column":52}}},"10":{"name":"(anonymous_10)","line":27,"loc":{"start":{"line":27,"column":71},"end":{"line":27,"column":81}}},"11":{"name":"(anonymous_11)","line":28,"loc":{"start":{"line":28,"column":54},"end":{"line":28,"column":64}}},"12":{"name":"(anonymous_12)","line":34,"loc":{"start":{"line":34,"column":68},"end":{"line":34,"column":78}}},"13":{"name":"(anonymous_13)","line":38,"loc":{"start":{"line":38,"column":36},"end":{"line":38,"column":46}}},"14":{"name":"(anonymous_14)","line":39,"loc":{"start":{"line":39,"column":19},"end":{"line":39,"column":33}}},"15":{"name":"(anonymous_15)","line":42,"loc":{"start":{"line":42,"column":34},"end":{"line":42,"column":44}}},"16":{"name":"(anonymous_16)","line":46,"loc":{"start":{"line":46,"column":42},"end":{"line":46,"column":52}}},"17":{"name":"(anonymous_17)","line":52,"loc":{"start":{"line":52,"column":62},"end":{"line":52,"column":72}}},"18":{"name":"(anonymous_18)","line":53,"loc":{"start":{"line":53,"column":61},"end":{"line":53,"column":71}}},"19":{"name":"(anonymous_19)","line":54,"loc":{"start":{"line":54,"column":52},"end":{"line":54,"column":62}}},"20":{"name":"(anonymous_20)","line":60,"loc":{"start":{"line":60,"column":63},"end":{"line":60,"column":73}}},"21":{"name":"(anonymous_21)","line":64,"loc":{"start":{"line":64,"column":36},"end":{"line":64,"column":46}}},"22":{"name":"(anonymous_22)","line":65,"loc":{"start":{"line":65,"column":19},"end":{"line":65,"column":33}}},"23":{"name":"(anonymous_23)","line":68,"loc":{"start":{"line":68,"column":34},"end":{"line":68,"column":44}}},"24":{"name":"(anonymous_24)","line":72,"loc":{"start":{"line":72,"column":42},"end":{"line":72,"column":52}}},"25":{"name":"(anonymous_25)","line":77,"loc":{"start":{"line":77,"column":68},"end":{"line":77,"column":78}}},"26":{"name":"(anonymous_26)","line":78,"loc":{"start":{"line":78,"column":52},"end":{"line":78,"column":62}}},"27":{"name":"(anonymous_27)","line":84,"loc":{"start":{"line":84,"column":63},"end":{"line":84,"column":73}}},"28":{"name":"(anonymous_28)","line":88,"loc":{"start":{"line":88,"column":36},"end":{"line":88,"column":46}}},"29":{"name":"(anonymous_29)","line":89,"loc":{"start":{"line":89,"column":19},"end":{"line":89,"column":33}}},"30":{"name":"(anonymous_30)","line":92,"loc":{"start":{"line":92,"column":34},"end":{"line":92,"column":44}}},"31":{"name":"(anonymous_31)","line":96,"loc":{"start":{"line":96,"column":42},"end":{"line":96,"column":52}}},"32":{"name":"(anonymous_32)","line":101,"loc":{"start":{"line":101,"column":66},"end":{"line":101,"column":76}}},"33":{"name":"(anonymous_33)","line":102,"loc":{"start":{"line":102,"column":68},"end":{"line":102,"column":78}}},"34":{"name":"(anonymous_34)","line":103,"loc":{"start":{"line":103,"column":54},"end":{"line":103,"column":64}}},"35":{"name":"(anonymous_35)","line":109,"loc":{"start":{"line":109,"column":56},"end":{"line":109,"column":66}}},"36":{"name":"(anonymous_36)","line":113,"loc":{"start":{"line":113,"column":37},"end":{"line":113,"column":47}}},"37":{"name":"(anonymous_37)","line":114,"loc":{"start":{"line":114,"column":20},"end":{"line":114,"column":34}}},"38":{"name":"(anonymous_38)","line":117,"loc":{"start":{"line":117,"column":35},"end":{"line":117,"column":45}}},"39":{"name":"(anonymous_39)","line":121,"loc":{"start":{"line":121,"column":43},"end":{"line":121,"column":53}}},"40":{"name":"(anonymous_40)","line":126,"loc":{"start":{"line":126,"column":75},"end":{"line":126,"column":85}}},"41":{"name":"(anonymous_41)","line":127,"loc":{"start":{"line":127,"column":54},"end":{"line":127,"column":64}}},"42":{"name":"(anonymous_42)","line":133,"loc":{"start":{"line":133,"column":56},"end":{"line":133,"column":66}}},"43":{"name":"(anonymous_43)","line":137,"loc":{"start":{"line":137,"column":37},"end":{"line":137,"column":47}}},"44":{"name":"(anonymous_44)","line":138,"loc":{"start":{"line":138,"column":20},"end":{"line":138,"column":34}}},"45":{"name":"(anonymous_45)","line":141,"loc":{"start":{"line":141,"column":35},"end":{"line":141,"column":45}}},"46":{"name":"(anonymous_46)","line":145,"loc":{"start":{"line":145,"column":43},"end":{"line":145,"column":53}}}},"statementMap":{"1":{"start":{"line":1,"column":0},"end":{"line":151,"column":3}},"2":{"start":{"line":2,"column":1},"end":{"line":50,"column":4}},"3":{"start":{"line":3,"column":2},"end":{"line":25,"column":5}},"4":{"start":{"line":4,"column":3},"end":{"line":8,"column":6}},"5":{"start":{"line":5,"column":4},"end":{"line":7,"column":21}},"6":{"start":{"line":10,"column":3},"end":{"line":12,"column":6}},"7":{"start":{"line":11,"column":4},"end":{"line":11,"column":19}},"8":{"start":{"line":14,"column":3},"end":{"line":16,"column":6}},"9":{"start":{"line":15,"column":4},"end":{"line":15,"column":62}},"10":{"start":{"line":15,"column":34},"end":{"line":15,"column":59}},"11":{"start":{"line":18,"column":3},"end":{"line":20,"column":6}},"12":{"start":{"line":19,"column":4},"end":{"line":19,"column":38}},"13":{"start":{"line":22,"column":3},"end":{"line":24,"column":6}},"14":{"start":{"line":23,"column":4},"end":{"line":23,"column":43}},"15":{"start":{"line":27,"column":2},"end":{"line":49,"column":5}},"16":{"start":{"line":28,"column":3},"end":{"line":32,"column":6}},"17":{"start":{"line":29,"column":4},"end":{"line":31,"column":21}},"18":{"start":{"line":34,"column":3},"end":{"line":36,"column":6}},"19":{"start":{"line":35,"column":4},"end":{"line":35,"column":19}},"20":{"start":{"line":38,"column":3},"end":{"line":40,"column":6}},"21":{"start":{"line":39,"column":4},"end":{"line":39,"column":62}},"22":{"start":{"line":39,"column":34},"end":{"line":39,"column":59}},"23":{"start":{"line":42,"column":3},"end":{"line":44,"column":6}},"24":{"start":{"line":43,"column":4},"end":{"line":43,"column":38}},"25":{"start":{"line":46,"column":3},"end":{"line":48,"column":6}},"26":{"start":{"line":47,"column":4},"end":{"line":47,"column":43}},"27":{"start":{"line":52,"column":1},"end":{"line":150,"column":4}},"28":{"start":{"line":53,"column":2},"end":{"line":75,"column":5}},"29":{"start":{"line":54,"column":3},"end":{"line":58,"column":6}},"30":{"start":{"line":55,"column":4},"end":{"line":57,"column":20}},"31":{"start":{"line":60,"column":3},"end":{"line":62,"column":6}},"32":{"start":{"line":61,"column":4},"end":{"line":61,"column":19}},"33":{"start":{"line":64,"column":3},"end":{"line":66,"column":6}},"34":{"start":{"line":65,"column":4},"end":{"line":65,"column":62}},"35":{"start":{"line":65,"column":34},"end":{"line":65,"column":59}},"36":{"start":{"line":68,"column":3},"end":{"line":70,"column":6}},"37":{"start":{"line":69,"column":4},"end":{"line":69,"column":36}},"38":{"start":{"line":72,"column":3},"end":{"line":74,"column":6}},"39":{"start":{"line":73,"column":4},"end":{"line":73,"column":43}},"40":{"start":{"line":77,"column":2},"end":{"line":99,"column":5}},"41":{"start":{"line":78,"column":3},"end":{"line":82,"column":6}},"42":{"start":{"line":79,"column":4},"end":{"line":81,"column":20}},"43":{"start":{"line":84,"column":3},"end":{"line":86,"column":6}},"44":{"start":{"line":85,"column":4},"end":{"line":85,"column":19}},"45":{"start":{"line":88,"column":3},"end":{"line":90,"column":6}},"46":{"start":{"line":89,"column":4},"end":{"line":89,"column":62}},"47":{"start":{"line":89,"column":34},"end":{"line":89,"column":59}},"48":{"start":{"line":92,"column":3},"end":{"line":94,"column":6}},"49":{"start":{"line":93,"column":4},"end":{"line":93,"column":36}},"50":{"start":{"line":96,"column":3},"end":{"line":98,"column":6}},"51":{"start":{"line":97,"column":4},"end":{"line":97,"column":43}},"52":{"start":{"line":101,"column":2},"end":{"line":149,"column":5}},"53":{"start":{"line":102,"column":3},"end":{"line":124,"column":6}},"54":{"start":{"line":103,"column":4},"end":{"line":107,"column":7}},"55":{"start":{"line":104,"column":5},"end":{"line":106,"column":21}},"56":{"start":{"line":109,"column":4},"end":{"line":111,"column":7}},"57":{"start":{"line":110,"column":5},"end":{"line":110,"column":20}},"58":{"start":{"line":113,"column":4},"end":{"line":115,"column":7}},"59":{"start":{"line":114,"column":5},"end":{"line":114,"column":63}},"60":{"start":{"line":114,"column":35},"end":{"line":114,"column":60}},"61":{"start":{"line":117,"column":4},"end":{"line":119,"column":7}},"62":{"start":{"line":118,"column":5},"end":{"line":118,"column":38}},"63":{"start":{"line":121,"column":4},"end":{"line":123,"column":7}},"64":{"start":{"line":122,"column":5},"end":{"line":122,"column":44}},"65":{"start":{"line":126,"column":3},"end":{"line":148,"column":6}},"66":{"start":{"line":127,"column":4},"end":{"line":131,"column":7}},"67":{"start":{"line":128,"column":5},"end":{"line":130,"column":21}},"68":{"start":{"line":133,"column":4},"end":{"line":135,"column":7}},"69":{"start":{"line":134,"column":5},"end":{"line":134,"column":20}},"70":{"start":{"line":137,"column":4},"end":{"line":139,"column":7}},"71":{"start":{"line":138,"column":5},"end":{"line":138,"column":63}},"72":{"start":{"line":138,"column":35},"end":{"line":138,"column":60}},"73":{"start":{"line":141,"column":4},"end":{"line":143,"column":7}},"74":{"start":{"line":142,"column":5},"end":{"line":142,"column":38}},"75":{"start":{"line":145,"column":4},"end":{"line":147,"column":7}},"76":{"start":{"line":146,"column":5},"end":{"line":146,"column":44}}},"branchMap":{},"code":["feature(\"Backspace Key\", function() {","\tstory('User presses backspace with cursor to the right of a mask literal',function(){","\t\tscenario('character at cursor matches definition to the left',function(){","\t\t\tgiven(\"an input with a mask definition of '9-99'\", function(){","\t\t\t\tinput","\t\t\t\t.mask(\"9-99\")","\t\t\t\t.mashKeys(\"123\");","\t\t\t});","","\t\t\tgiven(\"the input has cursor positioned to the right of literal\", function(){","\t\t\t\tinput.caret(2);","\t\t\t});","","\t\t\twhen(\"hitting the backspace key\",function(){","\t\t\t\tinput.mashKeys(function(keys){keys.type(keys.backspace)});","\t\t\t});","","\t\t\tthen(\"value should be correct\",function(){","\t\t\t\texpect(input).toHaveValue('2-3_');","\t\t\t});","","\t\t\tand(\"caret position should be correct\",function(){","\t\t\t\texpect(input.caret().begin).toEqual(0);","\t\t\t});","\t\t});","","\t\tscenario('character at cursor does not match definition to the left',function(){","\t\t\tgiven(\"an input with a mask definition of 'a-99'\", function(){","\t\t\t\tinput","\t\t\t\t.mask(\"a-99\")","\t\t\t\t.mashKeys(\"z12\");","\t\t\t});","","\t\t\tgiven(\"the input has cursor positioned to the right of literal\", function(){","\t\t\t\tinput.caret(2);","\t\t\t});","","\t\t\twhen(\"hitting the backspace key\",function(){","\t\t\t\tinput.mashKeys(function(keys){keys.type(keys.backspace)});","\t\t\t});","","\t\t\tthen(\"value should be correct\",function(){","\t\t\t\texpect(input).toHaveValue('_-12');","\t\t\t});","","\t\t\tand(\"caret position should be correct\",function(){","\t\t\t\texpect(input.caret().begin).toEqual(0);","\t\t\t});","\t\t});","\t});","","\tstory('User presses backspace with cursor on last character',function(){","\t\tscenario('cursor character matches definition to the left',function(){","\t\t\tgiven(\"an input with a mask definition of '99'\", function(){","\t\t\t\tinput","\t\t\t\t.mask(\"99\")","\t\t\t\t.mashKeys(\"12\");","\t\t\t});","","\t\t\tgiven(\"the input has cursor positioned on first character\", function(){","\t\t\t\tinput.caret(1);","\t\t\t});","","\t\t\twhen(\"hitting the backspace key\",function(){","\t\t\t\tinput.mashKeys(function(keys){keys.type(keys.backspace)});","\t\t\t});","","\t\t\tthen(\"value should be correct\",function(){","\t\t\t\texpect(input).toHaveValue('2_');","\t\t\t});","","\t\t\tand(\"caret position should be correct\",function(){","\t\t\t\texpect(input.caret().begin).toEqual(0);","\t\t\t});","\t\t});","","\t\tscenario('cursor character does not match definition to the left',function(){","\t\t\tgiven(\"an input with a mask definition of '9a'\", function(){","\t\t\t\tinput","\t\t\t\t.mask(\"9a\")","\t\t\t\t.mashKeys(\"1z\");","\t\t\t});","","\t\t\tgiven(\"the input has cursor positioned on first character\", function(){","\t\t\t\tinput.caret(1);","\t\t\t});","","\t\t\twhen(\"hitting the backspace key\",function(){","\t\t\t\tinput.mashKeys(function(keys){keys.type(keys.backspace)});","\t\t\t});","","\t\t\tthen(\"value should be correct\",function(){","\t\t\t\texpect(input).toHaveValue('_z');","\t\t\t});","","\t\t\tand(\"caret position should be correct\",function(){","\t\t\t\texpect(input.caret().begin).toEqual(0);","\t\t\t});","\t\t});","","\t\tdescribe('There is a mask literal between the two placeholders',function(){","\t\t\tscenario('character at end matches definition of first position',function(){","\t\t\t\tgiven(\"an input with a mask definition of '9-9'\", function(){","\t\t\t\t\tinput","\t\t\t\t\t.mask(\"9-9\")","\t\t\t\t\t.mashKeys(\"12\");","\t\t\t\t});","","\t\t\t\tgiven(\"the input has cursor positioned on literal\", function(){","\t\t\t\t\tinput.caret(1);","\t\t\t\t});","","\t\t\t\twhen(\"hitting the backspace key\",function(){","\t\t\t\t\tinput.mashKeys(function(keys){keys.type(keys.backspace)});","\t\t\t\t});","","\t\t\t\tthen(\"value should be correct\",function(){","\t\t\t\t\texpect(input).toHaveValue('2-_');","\t\t\t\t});","","\t\t\t\tand(\"caret position should be correct\",function(){","\t\t\t\t\texpect(input.caret().begin).toEqual(0);","\t\t\t\t});","\t\t\t});","","\t\t\tscenario('character at end does not match definition of first position',function(){","\t\t\t\tgiven(\"an input with a mask definition of '9-9'\", function(){","\t\t\t\t\tinput","\t\t\t\t\t.mask(\"9-a\")","\t\t\t\t\t.mashKeys(\"1z\");","\t\t\t\t});","","\t\t\t\tgiven(\"the input has cursor positioned on literal\", function(){","\t\t\t\t\tinput.caret(1);","\t\t\t\t});","","\t\t\t\twhen(\"hitting the backspace key\",function(){","\t\t\t\t\tinput.mashKeys(function(keys){keys.type(keys.backspace)});","\t\t\t\t});","","\t\t\t\tthen(\"value should be correct\",function(){","\t\t\t\t\texpect(input).toHaveValue('_-z');","\t\t\t\t});","","\t\t\t\tand(\"caret position should be correct\",function(){","\t\t\t\t\texpect(input.caret().begin).toEqual(0);","\t\t\t\t});","\t\t\t});","\t\t});","\t});","});",""],"l":{"1":2,"2":0,"3":0,"4":0,"5":0,"10":0,"11":0,"14":0,"15":0,"18":0,"19":0,"22":0,"23":0,"27":0,"28":0,"29":0,"34":0,"35":0,"38":0,"39":0,"42":0,"43":0,"46":0,"47":0,"52":0,"53":0,"54":0,"55":0,"60":0,"61":0,"64":0,"65":0,"68":0,"69":0,"72":0,"73":0,"77":0,"78":0,"79":0,"84":0,"85":0,"88":0,"89":0,"92":0,"93":0,"96":0,"97":0,"101":0,"102":0,"103":0,"104":0,"109":0,"110":0,"113":0,"114":0,"117":0,"118":0,"121":0,"122":0,"126":0,"127":0,"128":0,"133":0,"134":0,"137":0,"138":0,"141":0,"142":0,"145":0,"146":0}},"/home/travis/build/npmtest/node-npmtest-jquery.maskedinput/node_modules/jquery.maskedinput/spec/Completed.Spec.js":{"path":"/home/travis/build/npmtest/node-npmtest-jquery.maskedinput/node_modules/jquery.maskedinput/spec/Completed.Spec.js","s":{"1":2,"2":0,"3":0,"4":0,"5":0,"6":0,"7":0,"8":0,"9":0,"10":0,"11":0,"12":0,"13":0,"14":0,"15":0,"16":0,"17":0,"18":0,"19":0,"20":0,"21":0,"22":0,"23":0,"24":0,"25":0,"26":0,"27":0,"28":0,"29":0,"30":0,"31":0,"32":0,"33":0,"34":0,"35":0,"36":0,"37":0,"38":0,"39":0,"40":0,"41":0,"42":0,"43":0,"44":0,"45":0,"46":0,"47":0,"48":0,"49":0,"50":0,"51":0,"52":0,"53":0,"54":0,"55":0,"56":0,"57":0,"58":0,"59":0,"60":0,"61":0,"62":0,"63":0,"64":0,"65":0,"66":0,"67":0,"68":0,"69":0},"b":{},"f":{"1":0,"2":0,"3":0,"4":0,"5":0,"6":0,"7":0,"8":0,"9":0,"10":0,"11":0,"12":0,"13":0,"14":0,"15":0,"16":0,"17":0,"18":0,"19":0,"20":0,"21":0,"22":0,"23":0,"24":0,"25":0,"26":0,"27":0,"28":0,"29":0,"30":0,"31":0,"32":0,"33":0,"34":0,"35":0,"36":0,"37":0,"38":0,"39":0},"fnMap":{"1":{"name":"(anonymous_1)","line":1,"loc":{"start":{"line":1,"column":30},"end":{"line":1,"column":41}}},"2":{"name":"(anonymous_2)","line":2,"loc":{"start":{"line":2,"column":53},"end":{"line":2,"column":63}}},"3":{"name":"(anonymous_3)","line":4,"loc":{"start":{"line":4,"column":46},"end":{"line":4,"column":56}}},"4":{"name":"(anonymous_4)","line":5,"loc":{"start":{"line":5,"column":30},"end":{"line":5,"column":40}}},"5":{"name":"(anonymous_5)","line":8,"loc":{"start":{"line":8,"column":30},"end":{"line":8,"column":40}}},"6":{"name":"(anonymous_6)","line":12,"loc":{"start":{"line":12,"column":45},"end":{"line":12,"column":55}}},"7":{"name":"(anonymous_7)","line":15,"loc":{"start":{"line":15,"column":33},"end":{"line":15,"column":43}}},"8":{"name":"(anonymous_8)","line":20,"loc":{"start":{"line":20,"column":54},"end":{"line":20,"column":64}}},"9":{"name":"(anonymous_9)","line":22,"loc":{"start":{"line":22,"column":46},"end":{"line":22,"column":56}}},"10":{"name":"(anonymous_10)","line":23,"loc":{"start":{"line":23,"column":40},"end":{"line":23,"column":50}}},"11":{"name":"(anonymous_11)","line":26,"loc":{"start":{"line":26,"column":41},"end":{"line":26,"column":51}}},"12":{"name":"(anonymous_12)","line":29,"loc":{"start":{"line":29,"column":13},"end":{"line":29,"column":27}}},"13":{"name":"(anonymous_13)","line":33,"loc":{"start":{"line":33,"column":45},"end":{"line":33,"column":55}}},"14":{"name":"(anonymous_14)","line":37,"loc":{"start":{"line":37,"column":33},"end":{"line":37,"column":43}}},"15":{"name":"(anonymous_15)","line":42,"loc":{"start":{"line":42,"column":53},"end":{"line":42,"column":63}}},"16":{"name":"(anonymous_16)","line":44,"loc":{"start":{"line":44,"column":46},"end":{"line":44,"column":56}}},"17":{"name":"(anonymous_17)","line":46,"loc":{"start":{"line":46,"column":25},"end":{"line":46,"column":35}}},"18":{"name":"(anonymous_18)","line":48,"loc":{"start":{"line":48,"column":13},"end":{"line":48,"column":27}}},"19":{"name":"(anonymous_19)","line":51,"loc":{"start":{"line":51,"column":51},"end":{"line":51,"column":61}}},"20":{"name":"(anonymous_20)","line":55,"loc":{"start":{"line":55,"column":49},"end":{"line":55,"column":59}}},"21":{"name":"(anonymous_21)","line":59,"loc":{"start":{"line":59,"column":33},"end":{"line":59,"column":43}}},"22":{"name":"(anonymous_22)","line":65,"loc":{"start":{"line":65,"column":82},"end":{"line":65,"column":92}}},"23":{"name":"(anonymous_23)","line":67,"loc":{"start":{"line":67,"column":46},"end":{"line":67,"column":56}}},"24":{"name":"(anonymous_24)","line":68,"loc":{"start":{"line":68,"column":33},"end":{"line":68,"column":43}}},"25":{"name":"(anonymous_25)","line":71,"loc":{"start":{"line":71,"column":30},"end":{"line":71,"column":40}}},"26":{"name":"(anonymous_26)","line":75,"loc":{"start":{"line":75,"column":45},"end":{"line":75,"column":55}}},"27":{"name":"(anonymous_27)","line":79,"loc":{"start":{"line":79,"column":33},"end":{"line":79,"column":43}}},"28":{"name":"(anonymous_28)","line":84,"loc":{"start":{"line":84,"column":82},"end":{"line":84,"column":92}}},"29":{"name":"(anonymous_29)","line":86,"loc":{"start":{"line":86,"column":46},"end":{"line":86,"column":56}}},"30":{"name":"(anonymous_30)","line":87,"loc":{"start":{"line":87,"column":33},"end":{"line":87,"column":43}}},"31":{"name":"(anonymous_31)","line":90,"loc":{"start":{"line":90,"column":30},"end":{"line":90,"column":40}}},"32":{"name":"(anonymous_32)","line":94,"loc":{"start":{"line":94,"column":45},"end":{"line":94,"column":55}}},"33":{"name":"(anonymous_33)","line":98,"loc":{"start":{"line":98,"column":33},"end":{"line":98,"column":43}}},"34":{"name":"(anonymous_34)","line":103,"loc":{"start":{"line":103,"column":75},"end":{"line":103,"column":85}}},"35":{"name":"(anonymous_35)","line":105,"loc":{"start":{"line":105,"column":46},"end":{"line":105,"column":56}}},"36":{"name":"(anonymous_36)","line":106,"loc":{"start":{"line":106,"column":31},"end":{"line":106,"column":41}}},"37":{"name":"(anonymous_37)","line":109,"loc":{"start":{"line":109,"column":30},"end":{"line":109,"column":40}}},"38":{"name":"(anonymous_38)","line":113,"loc":{"start":{"line":113,"column":45},"end":{"line":113,"column":55}}},"39":{"name":"(anonymous_39)","line":116,"loc":{"start":{"line":116,"column":33},"end":{"line":116,"column":43}}}},"statementMap":{"1":{"start":{"line":1,"column":0},"end":{"line":122,"column":3}},"2":{"start":{"line":2,"column":1},"end":{"line":18,"column":4}},"3":{"start":{"line":3,"column":2},"end":{"line":3,"column":22}},"4":{"start":{"line":4,"column":2},"end":{"line":6,"column":5}},"5":{"start":{"line":5,"column":3},"end":{"line":5,"column":60}},"6":{"start":{"line":5,"column":41},"end":{"line":5,"column":56}},"7":{"start":{"line":8,"column":2},"end":{"line":10,"column":5}},"8":{"start":{"line":9,"column":3},"end":{"line":9,"column":24}},"9":{"start":{"line":12,"column":2},"end":{"line":14,"column":5}},"10":{"start":{"line":13,"column":3},"end":{"line":13,"column":34}},"11":{"start":{"line":15,"column":2},"end":{"line":17,"column":5}},"12":{"start":{"line":16,"column":3},"end":{"line":16,"column":35}},"13":{"start":{"line":20,"column":1},"end":{"line":40,"column":4}},"14":{"start":{"line":21,"column":2},"end":{"line":21,"column":22}},"15":{"start":{"line":22,"column":2},"end":{"line":24,"column":5}},"16":{"start":{"line":23,"column":3},"end":{"line":23,"column":70}},"17":{"start":{"line":23,"column":51},"end":{"line":23,"column":66}},"18":{"start":{"line":26,"column":2},"end":{"line":31,"column":5}},"19":{"start":{"line":27,"column":3},"end":{"line":30,"column":18}},"20":{"start":{"line":29,"column":28},"end":{"line":29,"column":53}},"21":{"start":{"line":33,"column":2},"end":{"line":35,"column":5}},"22":{"start":{"line":34,"column":3},"end":{"line":34,"column":34}},"23":{"start":{"line":37,"column":2},"end":{"line":39,"column":5}},"24":{"start":{"line":38,"column":3},"end":{"line":38,"column":35}},"25":{"start":{"line":42,"column":1},"end":{"line":63,"column":4}},"26":{"start":{"line":43,"column":2},"end":{"line":43,"column":22}},"27":{"start":{"line":44,"column":2},"end":{"line":49,"column":5}},"28":{"start":{"line":45,"column":3},"end":{"line":48,"column":56}},"29":{"start":{"line":46,"column":36},"end":{"line":46,"column":51}},"30":{"start":{"line":48,"column":28},"end":{"line":48,"column":53}},"31":{"start":{"line":51,"column":2},"end":{"line":53,"column":5}},"32":{"start":{"line":52,"column":3},"end":{"line":52,"column":32}},"33":{"start":{"line":55,"column":2},"end":{"line":57,"column":5}},"34":{"start":{"line":56,"column":3},"end":{"line":56,"column":33}},"35":{"start":{"line":59,"column":2},"end":{"line":61,"column":5}},"36":{"start":{"line":60,"column":3},"end":{"line":60,"column":35}},"37":{"start":{"line":65,"column":1},"end":{"line":82,"column":4}},"38":{"start":{"line":66,"column":2},"end":{"line":66,"column":22}},"39":{"start":{"line":67,"column":2},"end":{"line":69,"column":5}},"40":{"start":{"line":68,"column":3},"end":{"line":68,"column":63}},"41":{"start":{"line":68,"column":44},"end":{"line":68,"column":59}},"42":{"start":{"line":71,"column":2},"end":{"line":73,"column":5}},"43":{"start":{"line":72,"column":3},"end":{"line":72,"column":24}},"44":{"start":{"line":75,"column":2},"end":{"line":77,"column":5}},"45":{"start":{"line":76,"column":3},"end":{"line":76,"column":34}},"46":{"start":{"line":79,"column":2},"end":{"line":81,"column":5}},"47":{"start":{"line":80,"column":3},"end":{"line":80,"column":37}},"48":{"start":{"line":84,"column":1},"end":{"line":101,"column":4}},"49":{"start":{"line":85,"column":2},"end":{"line":85,"column":23}},"50":{"start":{"line":86,"column":2},"end":{"line":88,"column":5}},"51":{"start":{"line":87,"column":3},"end":{"line":87,"column":65}},"52":{"start":{"line":87,"column":44},"end":{"line":87,"column":61}},"53":{"start":{"line":90,"column":2},"end":{"line":92,"column":5}},"54":{"start":{"line":91,"column":3},"end":{"line":91,"column":26}},"55":{"start":{"line":94,"column":2},"end":{"line":96,"column":5}},"56":{"start":{"line":95,"column":3},"end":{"line":95,"column":37}},"57":{"start":{"line":98,"column":2},"end":{"line":100,"column":5}},"58":{"start":{"line":99,"column":3},"end":{"line":99,"column":37}},"59":{"start":{"line":103,"column":1},"end":{"line":119,"column":4}},"60":{"start":{"line":104,"column":2},"end":{"line":104,"column":22}},"61":{"start":{"line":105,"column":2},"end":{"line":107,"column":5}},"62":{"start":{"line":106,"column":3},"end":{"line":106,"column":61}},"63":{"start":{"line":106,"column":42},"end":{"line":106,"column":57}},"64":{"start":{"line":109,"column":2},"end":{"line":111,"column":5}},"65":{"start":{"line":110,"column":3},"end":{"line":110,"column":24}},"66":{"start":{"line":113,"column":2},"end":{"line":115,"column":5}},"67":{"start":{"line":114,"column":3},"end":{"line":114,"column":34}},"68":{"start":{"line":116,"column":2},"end":{"line":118,"column":5}},"69":{"start":{"line":117,"column":3},"end":{"line":117,"column":36}}},"branchMap":{},"code":["feature(\"Completed callback\", function() {","\tscenario('Completing mask by typing last character',fun
[...]
, keydownEvent)","\t\t\t\t.on(\"keypress.mask\", keypressEvent)","\t\t\t\t.on(\"input.mask paste.mask\", function() {","                    if (input.prop(\"readonly\")){","                        return;","                    }","","\t\t\t\t\tsetTimeout(function() {","\t\t\t\t\t\tvar pos=checkVal(true);","\t\t\t\t\t\tinput.caret(pos);","                        tryFireCompleted();","\t\t\t\t\t}, 0);","\t\t\t\t});","                if (chrome && android)","                {","                    input","                        .off('input.mask')","                        .on('input.mask', androidInputEvent);","                }","\t\t\t\tcheckVal(); //Perform initial check for existing values","\t\t});","\t}","});","}));",""],"l":{"1":2,"2":2,"4":0,"5":2,"7":2,"10":0,"14":0,"20":0,"32":0,"35":0,"37":0,"38":0,"41":0,"42":0,"43":0,"44":0,"45":0,"46":0,"47":0,"48":0,"49":0,"50":0,"51":0,"55":0,"56":0,"57":0,"58":0,"59":0,"60":0,"61":0,"63":0,"67":0,"70":0,"79":0,"80":0,"81":0,"82":0,"85":0,"92":0,"93":0,"94":0,"95":0,"97":0,"99":0,"100":0,"101":0,"102":0,"103":0,"104":0,"105":0,"106":0,"108":0,"109":0,"112":0,"116":0,"117":0,"121":0,"122":0,"128":1,"129":0,"130":0,"133":0,"134":0,"135":0,"138":0,"141":1,"142":0,"143":0,"144":0,"147":1,"148":0,"149":0,"152":1,"153":0,"154":0,"157":1,"158":0,"161":0,"162":0,"165":0,"166":0,"167":0,"168":0,"169":0,"171":0,"174":0,"177":0,"178":0,"181":1,"182":0,"187":0,"188":0,"189":0,"190":0,"191":0,"192":0,"193":0,"195":0,"201":1,"202":0,"203":0,"204":0,"206":0,"207":0,"208":0,"209":0,"211":0,"212":0,"214":0,"216":0,"217":0,"218":0,"219":0,"220":0,"221":0,"222":0,"225":0,"226":0,"230":0,"232":0,"236":1,"237":0,"239":0,"240":0,"243":1,"244":0,"245":0,"248":0,"252":0,"254":0,"255":0,"256":0,"257":0,"259":0,"260":0,"261":0,"263":0,"264":0,"266":0,"267":0,"268":0,"269":0,"270":0,"271":0,"272":0,"276":1,"277":0,"278":0,"281":0,"287":0,"288":0,"289":0,"290":0,"291":0,"292":0,"295":0,"296":0,"297":0,"298":0,"299":0,"301":0,"302":0,"303":0,"305":0,"307":0,"308":0,"311":0,"313":0,"315":0,"316":0,"320":0,"324":1,"325":0,"326":0,"327":0,"328":0,"333":1,"335":1,"337":0,"343":0,"344":0,"345":0,"346":0,"347":0,"348":0,"349":0,"350":0,"351":0,"354":0,"355":0,"356":0,"359":0,"360":0,"362":0,"363":0,"367":0,"368":0,"369":0,"370":0,"373":0,"374":0,"378":0,"381":0,"382":0,"384":0,"387":0,"388":0,"389":0,"394":0,"396":0,"401":0,"402":0,"405":0,"406":0,"408":0,"410":0,"412":0,"413":0,"414":0,"416":0,"417":0,"418":0,"420":0,"428":0,"429":0,"432":0,"433":0,"434":0,"435":0,"438":0,"440":0,"444":0}},"/home/travis/build/npmtest/node-npmtest-jquery.maskedinput/node_modules/jquery.maskedinput/spec/lib/jquery.keymasher.js":{"path":"/home/travis/build/npmtest/node-npmtest-jquery.maskedinput/node_modules/jquery.maskedinput/spec/lib/jquery.keymasher.js","s":{"1":2,"2":0,"3":0,"4":0,"5":0,"6":0,"7":0,"8":0,"9":0,"10":0,"11":0,"12":0,"13":0,"14":0,"15":0,"16":0,"17":0,"18":0,"19":0,"20":0,"21":0,"22":0,"23":0,"24":0,"25":0,"26":0,"27":0,"28":0,"29":0,"30":0,"31":0,"32":0,"33":0,"34":0,"35":0,"36":0,"37":0,"38":0,"39":0,"40":0,"41":0,"42":0,"43":0,"44":0,"45":0,"46":0,"47":0,"48":0,"49":0,"50":0,"51":0,"52":0,"53":0,"54":0,"55":0,"56":0},"b":{"1":[0,0],"2":[0,0],"3":[0,0],"4":[0,0],"5":[0,0],"6":[0,0],"7":[0,0,0,0],"8":[0,0],"9":[0,0],"10":[0,0],"11":[0,0],"12":[0,0],"13":[0,0],"14":[0,0]},"f":{"1":0,"2":0,"3":0,"4":0,"5":0,"6":0,"7":0,"8":0,"9":0,"10":0,"11":0,"12":0,"13":0,"14":0,"15":0,"16":0},"fnMap":{"1":{"name":"(anonymous_1)","line":8,"loc":{"start":{"line":8,"column":1},"end":{"line":8,"column":22}}},"2":{"name":"(anonymous_2)","line":11,"loc":{"start":{"line":11,"column":11},"end":{"line":11,"column":21}}},"3":{"name":"(anonymous_3)","line":19,"loc":{"start":{"line":19,"column":24},"end":{"line":19,"column":45}}},"4":{"name":"(anonymous_4)","line":25,"loc":{"start":{"line":25,"column":17},"end":{"line":25,"column":36}}},"5":{"name":"(anonymous_5)","line":29,"loc":{"start":{"line":29,"column":15},"end":{"line":29,"column":28}}},"6":{"name":"(anonymous_6)","line":33,"loc":{"start":{"line":33,"column":25},"end":{"line":33,"column":62}}},"7":{"name":"(anonymous_7)","line":40,"loc":{"start":{"line":40,"column":18},"end":{"line":40,"column":31}}},"8":{"name":"(anonymous_8)","line":68,"loc":{"start":{"line":68,"column":8},"end":{"line":68,"column":32}}},"9":{"name":"(anonymous_9)","line":70,"loc":{"start":{"line":70,"column":16},"end":{"line":70,"column":37}}},"10":{"name":"(anonymous_10)","line":72,"loc":{"start":{"line":72,"column":16},"end":{"line":72,"column":37}}},"11":{"name":"(anonymous_11)","line":75,"loc":{"start":{"line":75,"column":8},"end":{"line":75,"column":18}}},"12":{"name":"(anonymous_12)","line":76,"loc":{"start":{"line":76,"column":21},"end":{"line":76,"column":43}}},"13":{"name":"(anonymous_13)","line":78,"loc":{"start":{"line":78,"column":30},"end":{"line":78,"column":51}}},"14":{"name":"(anonymous_14)","line":88,"loc":{"start":{"line":88,"column":15},"end":{"line":88,"column":27}}},"15":{"name":"(anonymous_15)","line":91,"loc":{"start":{"line":91,"column":6},"end":{"line":91,"column":20}}},"16":{"name":"(anonymous_16)","line":93,"loc":{"start":{"line":93,"column":19},"end":{"line":93,"column":29}}}},"statementMap":{"1":{"start":{"line":8,"column":0},"end":{"line":97,"column":11}},"2":{"start":{"line":11,"column":1},"end":{"line":27,"column":6}},"3":{"start":{"line":12,"column":2},"end":{"line":17,"column":91}},"4":{"start":{"line":19,"column":2},"end":{"line":24,"column":5}},"5":{"start":{"line":20,"column":3},"end":{"line":20,"column":56}},"6":{"start":{"line":21,"column":3},"end":{"line":21,"column":62}},"7":{"start":{"line":22,"column":3},"end":{"line":23,"column":99}},"8":{"start":{"line":23,"column":4},"end":{"line":23,"column":99}},"9":{"start":{"line":25,"column":2},"end":{"line":25,"column":66}},"10":{"start":{"line":25,"column":37},"end":{"line":25,"column":63}},"11":{"start":{"line":26,"column":2},"end":{"line":26,"column":14}},"12":{"start":{"line":29,"column":1},"end":{"line":86,"column":3}},"13":{"start":{"line":30,"column":2},"end":{"line":31,"column":13}},"14":{"start":{"line":33,"column":2},"end":{"line":38,"column":4}},"15":{"start":{"line":34,"column":3},"end":{"line":34,"column":29}},"16":{"start":{"line":35,"column":3},"end":{"line":35,"column":47}},"17":{"start":{"line":36,"column":3},"end":{"line":36,"column":118}},"18":{"start":{"line":37,"column":3},"end":{"line":37,"column":22}},"19":{"start":{"line":40,"column":2},"end":{"line":65,"column":4}},"20":{"start":{"line":41,"column":3},"end":{"line":42,"column":18}},"21":{"start":{"line":42,"column":4},"end":{"line":42,"column":18}},"22":{"start":{"line":43,"column":3},"end":{"line":46,"column":24}},"23":{"start":{"line":44,"column":4},"end":{"line":44,"column":44}},"24":{"start":{"line":45,"column":8},"end":{"line":46,"column":24}},"25":{"start":{"line":46,"column":4},"end":{"line":46,"column":24}},"26":{"start":{"line":48,"column":3},"end":{"line":51,"column":107}},"27":{"start":{"line":53,"column":3},"end":{"line":53,"column":21}},"28":{"start":{"line":54,"column":3},"end":{"line":60,"column":4}},"29":{"start":{"line":55,"column":4},"end":{"line":55,"column":23}},"30":{"start":{"line":56,"column":4},"end":{"line":59,"column":5}},"31":{"start":{"line":58,"column":5},"end":{"line":58,"column":58}},"32":{"start":{"line":61,"column":3},"end":{"line":61,"column":19}},"33":{"start":{"line":63,"column":3},"end":{"line":64,"column":37}},"34":{"start":{"line":64,"column":4},"end":{"line":64,"column":37}},"35":{"start":{"line":67,"column":2},"end":{"line":84,"column":4}},"36":{"start":{"line":69,"column":4},"end":{"line":69,"column":32}},"37":{"start":{"line":70,"column":4},"end":{"line":70,"column":74}},"38":{"start":{"line":70,"column":38},"end":{"line":70,"column":71}},"39":{"start":{"line":71,"column":4},"end":{"line":71,"column":24}},"40":{"start":{"line":72,"column":4},"end":{"line":72,"column":72}},"41":{"start":{"line":72,"column":38},"end":{"line":72,"column":69}},"42":{"start":{"line":73,"column":4},"end":{"line":73,"column":18}},"43":{"start":{"line":76,"column":4},"end":{"line":81,"column":7}},"44":{"start":{"line":77,"column":5},"end":{"line":80,"column":26}},"45":{"start":{"line":78,"column":6},"end":{"line":78,"column":74}},"46":{"start":{"line":78,"column":52},"end":{"line":78,"column":71}},"47":{"start":{"line":80,"column":6},"end":{"line":80,"column":26}},"48":{"start":{"line":82,"column":4},"end":{"line":82,"column":18}},"49":{"start":{"line":85,"column":2},"end":{"line":85,"column":31}},"50":{"start":{"line":88,"column":1},"end":{"line":96,"column":3}},"51":{"start":{"line":89,"column":2},"end":{"line":92,"column":3}},"52":{"start":{"line":90,"column":3},"end":{"line":90,"column":17}},"53":{"start":{"line":91,"column":3},"end":{"line":91,"column":40}},"54":{"start":{"line":91,"column":21},"end":{"line":91,"column":38}},"55":{"start":{"line":93,"column":2},"end":{"line":95,"column":5}},"56":{"start":{"line":94,"column":3},"end":{"line":94,"column":26}}},"branchMap":{"1":{"line":22,"type":"if","locations":[{"start":{"line":22,"column":3},"end":{"line":22,"column":3}},{"start":{"line":22,"column":3},"end":{"line":22,"column":3}}]},"2":{"line":41,"type":"if","locations":[{"start":{"line":41,"column":3},"end":{"line":41,"column":3}},{"start":{"line":41,"column":3},"end":{"line":41,"column":3}}]},"3":{"line":43,"type":"if","locations":[{"start":{"line":43,"column":3},"end":{"line":43,"column":3}},{"start":{"line":43,"column":3},"end":{"line":43,"column":3}}]},"4":{"line":43,"type":"binary-expr","locations":[{"start":{"line":43,"column":6},"end":{"line":43,"column":23}},{"start":{"line":43,"column":27},"end":{"line":43,"column":47}}]},"5":{"line":45,"type":"if","locations":[{"start":{"line":45,"column":8},"end":{"line":45,"column":8}},{"start":{"line":45,"column":8},"end":{"line":45,"column":8}}]},"6":{"line":45,"type":"binary-expr","locations":[{"start":{"line":45,"column":11},"end":{"line":45,"column":30}},{"start":{"line":45,"column":34},"end":{"line":45,"column":43}}]},"7":{"line":48,"type":"binary-expr","locations":[{"start":{"line":48,"column":16},"end":{"line":48,"column":29}},{"start":{"line":48,"column":33},"end":{"line":48,"column":50}},{"start":{"line":48,"column":54},"end":{"line":48,"column":72}},{"start":{"line":48,"column":76},"end":{"line":48,"column":94}}]},"8":{"line":54,"type":"if","locations":[{"start":{"line":54,"column":3},"end":{"line":54,"column":3}},{"start":{"line":54,"column":3},"end":{"line":54,"column":3}}]},"9":{"line":54,"type":"binary-expr","locations":[{"start":{"line":54,"column":6},"end":{"line":54,"column":32}},{"start":{"line":54,"column":36},"end":{"line":54,"column":43}}]},"10":{"line":56,"type":"if","locations":[{"start":{"line":56,"column":4},"end":{"line":56,"column":4}},{"start":{"line":56,"column":4},"end":{"line":56,"column":4}}]},"11":{"line":56,"type":"binary-expr","locations":[{"start":{"line":56,"column":7},"end":{"line":56,"column":34}},{"start":{"line":56,"column":38},"end":{"line":56,"column":59}}]},"12":{"line":63,"type":"if","locations":[{"start":{"line":63,"column":3},"end":{"line":63,"column":3}},{"start":{"line":63,"column":3},"end":{"line":63,"column":3}}]},"13":{"line":77,"type":"if","locations":[{"start":{"line":77,"column":5},"end":{"line":77,"column":5}},{"start":{"line":77,"column":5},"end":{"line":77,"column":5}}]},"14":{"line":89,"type":"if","locations":[{"start":{"line":89,"column":2},"end":{"line":89,"column":2}},{"start":{"line":89,"column":2},"end":{"line":89,"column":2}}]}},"code":["/*","\tKey Masher plugin for jQuery (https://github.com/digitalBush/jquery.keymasher)","\tCopyright (c) 2010-2014 Josh Bush (digitalbush.com)","\tLicensed under the MIT license","\tVersion: 0.4","*/","","(function($,undefined){","\t\t//numberPad={'0':96,'1':97,'2':98,'3':99,'4':100,'5':101,'6':102,'7':103,'8':104,'9':105,'*':106,'+':107,'-':109,'.':110,'/':111},","","\tvar keys=(function(){","\t\tvar\tdefs={},","\t\t\tkeys    = \"ABCDEFGHIJKLMNOPQRSTUVWXYZ1234567890`-=[]\\\\;',./ \\t\\n\\r\",","\t\t\tshifted = \"abcdefghijklmnopqrstuvwxyz!@#$%^&*()~_+{}|:\\\"<>?\",","\t\t\tnoprint={shift:16,ctrl:17,meta:91,alt:18,f1:112,f2:113,f3:114,f4:115,f5:116,f6:117,f7:118,f8:119,f9:120,f10:121,f11:122,f12:123,","\t\t\t\t\tcapslock:20,numlock:144,scrolllock:145,pageup:33,pagedown:34,end:35,home:36,backspace:8,","\t\t\t\t\tinsert:45, 'delete':46,pause:19,esc:27,left:37,up:38,right:39,down:40,printscreen:44};","","\t\t$.each(keys.split(''),function(index,value){","\t\t\tvar keyCode=value.charCodeAt(0),shift=shifted[index];","\t\t\tdefs[value]={keyCode:keyCode,charCode:keyCode,shift:shift};","\t\t\tif(shift)","\t\t\t\tdefs[shift]={keyCode:keyCode,charCode:shift.charCodeAt(0),shift:value,requiresShift:index>=26};","\t\t});","\t\t$.each(noprint,function(key,value){defs[key]={keyCode:value};});","\t\treturn defs;","\t})();","","\tvar KeyMasher=function(elm){","\t\tvar\tmodifierState={alt: false, ctrl: false,\tmeta: false, shift: false},","\t\t\tforced={};","","\t\tvar queueModifierEvent=function(direction,modifier,isForced){","\t\t\tforced[modifier]=isForced;","\t\t\tmodifierState[modifier]=(direction=='down');","\t\t\tvar event=$.extend($.Event(), modifierState, {type:'key'+direction, keyCode: keys[modifier].keyCode, charCode: 0});","\t\t\telm.trigger(event);","\t\t};","","\t\tvar queueStroke=function(key){","\t\t\tif($.type(key)==='string')","\t\t\t\tkey=keys[key];","\t\t\tif(key.requiresShift && !modifierState.shift)","\t\t\t\tqueueModifierEvent('down','shift',true);","\t\t\telse if(modifierState.shift && key.shift)","\t\t\t\tkey=keys[key.shift];","","\t\t\tvar ignore = !key.charCode || modifierState.alt || modifierState.ctrl || modifierState.meta,","\t\t\t\tdown = $.extend($.Event('keydown'), modifierState, {keyCode: key.keyCode, charCode: 0, which:key.keyCode}),","\t\t\t\tpress = $.extend($.Event('keypress'), modifierState, {keyCode: key.charCode, charCode: key.charCode, which: key.charCode}),","\t\t\t\tup = $.extend($.Event('keyup'), modifierState, {keyCode: key.keyCode, charCode: 0, which:key.keyCode});","","\t\t\telm.trigger(down);","\t\t\tif(!down.isDefaultPrevented() && !ignore){","\t\t\t\telm.trigger(press);","\t\t\t\tif(!press.isDefaultPrevented() && !elm.prop(\"readonly\")){","\t\t\t\t\t//need to do caret positioning","\t\t\t\t\telm.val(elm.val()+String.fromCharCode(key.charCode));","\t\t\t\t}","\t\t\t}","\t\t\telm.trigger(up);","","\t\t\tif(forced.shift)","\t\t\t\tqueueModifierEvent('up','shift');","\t\t};","","\t\tvar public={","\t\t\thold:function(holding,typing){","\t\t\t\tvar toks=holding.split(',');","\t\t\t\t$.each(toks,function(index,value){queueModifierEvent('down',value);});","\t\t\t\tpublic.type(typing);","\t\t\t\t$.each(toks,function(index,value){queueModifierEvent('up',value);});","\t\t\t\treturn public;","\t\t\t},","\t\t\ttype:function(){","\t\t\t\t$.each(arguments,function(index,typing){","\t\t\t\t\tif($.type(typing)==='string')","\t\t\t\t\t\t$.each(typing.split(''),function(index,value){queueStroke(value);});","\t\t\t\t\telse","\t\t\t\t\t\tqueueStroke(typing);","\t\t\t\t});","\t\t\t\treturn public;","\t\t\t}","\t\t};","\t\treturn $.extend(public,keys);","\t};","","\t$.fn.mashKeys=function(fn){","\t\tif($.type(fn)==='string'){","\t\t\tvar typing=fn;","\t\t\tfn=function(keys){keys.type(typing)};","\t\t}","\t\treturn this.each(function(){","\t\t\tfn(KeyMasher($(this)));","\t\t});","\t};","})(jQuery);",""],"l":{"8":2,"11":0,"12":0,"19":0,"20":0,"21":0,"22":0,"23":0,"25":0,"26":0,"29":0,"30":0,"33":0,"34":0,"35":0,"36":0,"37":0,"40":0,"41":0,"42":0,"43":0,"44":0,"45":0,"46":0,"48":0,"53":0,"54":0,"55":0,"56":0,"58":0,"61":0,"63":0,"64":0,"67":0,"69":0,"70":0,"71":0,"72":0,"73":0,"76":0,"77":0,"78":0,"80":0,"82":0,"85":0,"88":0,"89":0,"90":0,"91":0,"93":0,"94":0}},"/home/travis/build/npmtest/node-npmtest-jquery.maskedinput/node_modules/jquery.maskedinput/spec/lib/matchers.js":{"path":"/home/travis/build/npmtest/node-npmtest-jquery.maskedinput/node_modules/jquery.maskedinput/spec/lib/matchers.js","s":{"1":2,"2":0,"3":0,"4":0,"5":0,"6":0,"7":0,"8":0,"9":0},"b":{"1":[0,0],"2":[0,0]},"f":{"1":0,"2":0,"3":0},"fnMap":{"1":{"name":"(anonymous_1)","line":1,"loc":{"start":{"line":1,"column":11},"end":{"line":1,"column":21}}},"2":{"name":"(anonymous_2)","line":3,"loc":{"start":{"line":3,"column":14},"end":{"line":3,"column":32}}},"3":{"name":"(anonymous_3)","line":6,"loc":{"start":{"line":6,"column":22},"end":{"line":6,"column":40}}}},"statementMap":{"1":{"start":{"line":1,"column":0},"end":{"line":16,"column":3}},"2":{"start":{"line":2,"column":1},"end":{"line":15,"column":4}},"3":{"start":{"line":4,"column":3},"end":{"line":4,"column":53}},"4":{"start":{"line":7,"column":3},"end":{"line":8,"column":17}},"5":{"start":{"line":8,"column":4},"end":{"line":8,"column":17}},"6":{"start":{"line":9,"column":3},"end":{"line":12,"column":4}},"7":{"start":{"line":10,"column":4},"end":{"line":11,"column":18}},"8":{"start":{"line":11,"column":5},"end":{"line":11,"column":18}},"9":{"start":{"line":13,"column":3},"end":{"line":13,"column":15}}},"branchMap":{"1":{"line":7,"type":"if","locations":[{"start":{"line":7,"column":3},"end":{"line":7,"column":3}},{"start":{"line":7,"column":3},"end":{"line":7,"column":3}}]},"2":{"line":10,"type":"if","locations":[{"start":{"line":10,"column":4},"end":{"line":10,"column":4}},{"start":{"line":10,"column":4},"end":{"line":10,"column":4}}]}},"code":["beforeEach(function(){","\tthis.addMatchers({","\t\ttoHaveValue:function(expected){\t\t\t","\t\t\treturn (this.actual=this.actual.val())===expected;","\t\t},","\t\ttoMatchPropertiesOf:function(expected){","\t\t\tif($.type(expected)!=='object')","\t\t\t\treturn false;","\t\t\tfor(var prop in expected){","\t\t\t\tif(this.actual[prop]!==expected[prop])","\t\t\t\t\treturn false;","\t\t\t}","\t\t\treturn true;","\t\t}","\t});","});",""],"l":{"1":2,"2":0,"4":0,"7":0,"8":0,"9":0,"10":0,"11":0,"13":0}},"/home/travis/build/npmtest/node-npmtest-jquery.maskedinput/node_modules/jquery.maskedinput/spec/lib/setup.js":{"path":"/home/travis/build/npmtest/node-npmtest-jquery.maskedinput/node_modules/jquery.maskedinput/spec/lib/setup.js","s":{"1":1,"2":0,"3":0,"4":0,"5":2,"6":0,"7":0,"8":0,"9":0,"10":0,"11":0},"b":{"1":[0,0]},"f":{"1":0,"2":0,"3":0},"fnMap":{"1":{"name":"importGrammar","line":1,"loc":{"start":{"line":1,"column":0},"end":{"line":1,"column":25}}},"2":{"name":"(anonymous_2)","line":13,"loc":{"start":{"line":13,"column":11},"end":{"line":13,"column":21}}},"3":{"name":"(anonymous_3)","line":14,"loc":{"start":{"line":14,"column":10},"end":{"line":14,"column":20}}}},"statementMap":{"1":{"start":{"line":1,"column":0},"end":{"line":7,"column":1}},"2":{"start":{"line":2,"column":4},"end":{"line":6,"column":5}},"3":{"start":{"line":3,"column":8},"end":{"line":4,"column":35}},"4":{"start":{"line":4,"column":12},"end":{"line":4,"column":35}},"5":{"start":{"line":9,"column":0},"end":{"line":9,"column":44}},"6":{"start":{"line":10,"column":0},"end":{"line":10,"column":35}},"7":{"start":{"line":12,"column":0},"end":{"line":12,"column":10}},"8":{"start":{"line":13,"column":0},"end":{"line":13,"column":75}},"9":{"start":{"line":13,"column":23},"end":{"line":13,"column":71}},"10":{"start":{"line":14,"column":0},"end":{"line":14,"column":40}},"11":{"start":{"line":14,"column":22},"end":{"line":14,"column":37}}},"branchMap":{"1":{"line":3,"type":"if","locations":[{"start":{"line":3,"column":8},"end":{"line":3,"column":8}},{"start":{"line":3,"column":8},"end":{"line":3,"column":8}}]}},"code":["function importGrammar(g){","    for (var prop in g) {","        if (g.hasOwnProperty(prop))","            window[prop] = g[prop];","","    }","}","","importGrammar(jasmine.grammar.FeatureStory);","importGrammar(jasmine.grammar.GWT);","","var input;","beforeEach(function(){ input = $(\"<input />\").appendTo(\"body\").focus(); });","afterEach(function(){ input.remove();});",""],"l":{"1":1,"2":0,"3":0,"4":0,"9":2,"10":0,"12":0,"13":0,"14":0}}}